Copyright 1986-2022 Xilinx, Inc. All Rights Reserved.
----------------------------------------------------------------------------------------------------------------------------------------------------------------------------
| Tool Version     : Vivado v.2022.2.1 (win64) Build 3719031 Thu Dec  8 18:35:04 MST 2022
| Date             : Tue May 16 01:31:21 2023
| Host             : rtlaptop running 64-bit major release  (build 9200)
| Command          : report_power -file cpu_system_wrapper_power_routed.rpt -pb cpu_system_wrapper_power_summary_routed.pb -rpx cpu_system_wrapper_power_routed.rpx
| Design           : cpu_system_wrapper
| Device           : xc7k70tfbg676-1
| Design State     : routed
| Grade            : commercial
| Process          : typical
| Characterization : Production
----------------------------------------------------------------------------------------------------------------------------------------------------------------------------

Power Report

Table of Contents
-----------------
1. Summary
1.1 On-Chip Components
1.2 Power Supply Summary
1.3 Confidence Level
2. Settings
2.1 Environment
2.2 Clock Constraints
3. Detailed Reports
3.1 By Hierarchy

1. Summary
----------

+--------------------------+--------------+
| Total On-Chip Power (W)  | 0.224        |
| Design Power Budget (W)  | Unspecified* |
| Power Budget Margin (W)  | NA           |
| Dynamic (W)              | 0.140        |
| Device Static (W)        | 0.084        |
| Effective TJA (C/W)      | 1.9          |
| Max Ambient (C)          | 84.6         |
| Junction Temperature (C) | 25.4         |
| Confidence Level         | Low          |
| Setting File             | ---          |
| Simulation Activity File | ---          |
| Design Nets Matched      | NA           |
+--------------------------+--------------+
* Specify Design Power Budget using, set_operating_conditions -design_power_budget <value in Watts>


1.1 On-Chip Components
----------------------

+--------------------------+-----------+----------+-----------+-----------------+
| On-Chip                  | Power (W) | Used     | Available | Utilization (%) |
+--------------------------+-----------+----------+-----------+-----------------+
| Clocks                   |     0.012 |        7 |       --- |             --- |
| Slice Logic              |     0.005 |     6529 |       --- |             --- |
|   LUT as Logic           |     0.004 |     2390 |     41000 |            5.83 |
|   LUT as Distributed RAM |    <0.001 |       96 |     13400 |            0.72 |
|   CARRY4                 |    <0.001 |      111 |     10250 |            1.08 |
|   Register               |    <0.001 |     2473 |     82000 |            3.02 |
|   F7/F8 Muxes            |    <0.001 |       91 |     41000 |            0.22 |
|   LUT as Shift Register  |    <0.001 |       76 |     13400 |            0.57 |
|   Others                 |    <0.001 |      644 |       --- |             --- |
| Signals                  |     0.007 |     4631 |       --- |             --- |
| Block RAM                |     0.007 |       16 |       135 |           11.85 |
| MMCM                     |     0.106 |        1 |         6 |           16.67 |
| DSPs                     |     0.002 |        4 |       240 |            1.67 |
| I/O                      |    <0.001 |       52 |       300 |           17.33 |
| Static Power             |     0.084 |          |           |                 |
| Total                    |     0.224 |          |           |                 |
+--------------------------+-----------+----------+-----------+-----------------+


1.2 Power Supply Summary
------------------------

+-----------+-------------+-----------+-------------+------------+-------------+-------------+------------+
| Source    | Voltage (V) | Total (A) | Dynamic (A) | Static (A) | Powerup (A) | Budget (A)  | Margin (A) |
+-----------+-------------+-----------+-------------+------------+-------------+-------------+------------+
| Vccint    |       1.000 |     0.056 |       0.034 |      0.022 |       NA    | Unspecified | NA         |
| Vccaux    |       1.800 |     0.071 |       0.059 |      0.012 |       NA    | Unspecified | NA         |
| Vcco33    |       3.300 |     0.001 |       0.000 |      0.001 |       NA    | Unspecified | NA         |
| Vcco25    |       2.500 |     0.000 |       0.000 |      0.000 |       NA    | Unspecified | NA         |
| Vcco18    |       1.800 |     0.000 |       0.000 |      0.000 |       NA    | Unspecified | NA         |
| Vcco15    |       1.500 |     0.000 |       0.000 |      0.000 |       NA    | Unspecified | NA         |
| Vcco135   |       1.350 |     0.000 |       0.000 |      0.000 |       NA    | Unspecified | NA         |
| Vcco12    |       1.200 |     0.000 |       0.000 |      0.000 |       NA    | Unspecified | NA         |
| Vccaux_io |       1.800 |     0.000 |       0.000 |      0.000 |       NA    | Unspecified | NA         |
| Vccbram   |       1.000 |     0.002 |       0.001 |      0.001 |       NA    | Unspecified | NA         |
| MGTAVcc   |       1.000 |     0.000 |       0.000 |      0.000 |       NA    | Unspecified | NA         |
| MGTAVtt   |       1.200 |     0.000 |       0.000 |      0.000 |       NA    | Unspecified | NA         |
| MGTVccaux |       1.800 |     0.000 |       0.000 |      0.000 |       NA    | Unspecified | NA         |
| Vccadc    |       1.800 |     0.020 |       0.000 |      0.020 |       NA    | Unspecified | NA         |
+-----------+-------------+-----------+-------------+------------+-------------+-------------+------------+


1.3 Confidence Level
--------------------

+-----------------------------+------------+--------------------------------------------------------+------------------------------------------------------------------------------------------------------------+
| User Input Data             | Confidence | Details                                                | Action                                                                                                     |
+-----------------------------+------------+--------------------------------------------------------+------------------------------------------------------------------------------------------------------------+
| Design implementation state | High       | Design is routed                                       |                                                                                                            |
| Clock nodes activity        | High       | User specified more than 95% of clocks                 |                                                                                                            |
| I/O nodes activity          | Low        | More than 75% of inputs are missing user specification | Provide missing input activity with simulation results or by editing the "By Resource Type -> I/Os" view   |
| Internal nodes activity     | Medium     | User specified less than 25% of internal nodes         | Provide missing internal nodes activity with simulation results or by editing the "By Resource Type" views |
| Device models               | High       | Device models are Production                           |                                                                                                            |
|                             |            |                                                        |                                                                                                            |
| Overall confidence level    | Low        |                                                        |                                                                                                            |
+-----------------------------+------------+--------------------------------------------------------+------------------------------------------------------------------------------------------------------------+


2. Settings
-----------

2.1 Environment
---------------

+-----------------------+--------------------------+
| Ambient Temp (C)      | 25.0                     |
| ThetaJA (C/W)         | 1.9                      |
| Airflow (LFM)         | 250                      |
| Heat Sink             | medium (Medium Profile)  |
| ThetaSA (C/W)         | 3.4                      |
| Board Selection       | medium (10"x10")         |
| # of Board Layers     | 12to15 (12 to 15 Layers) |
| Board Temperature (C) | 25.0                     |
+-----------------------+--------------------------+


2.2 Clock Constraints
---------------------

+--------------------------------------------------------------+-------------------------------------------------------------+-----------------+
| Clock                                                        | Domain                                                      | Constraint (ns) |
+--------------------------------------------------------------+-------------------------------------------------------------+-----------------+
| clk_in                                                       | clk_in                                                      |            10.0 |
| clk_out1_cpu_system_clk_wiz_1_0                              | cpu_system_i/clk_wiz_1/inst/clk_out1_cpu_system_clk_wiz_1_0 |            10.0 |
| clkfbout_cpu_system_clk_wiz_1_0                              | cpu_system_i/clk_wiz_1/inst/clkfbout_cpu_system_clk_wiz_1_0 |            10.0 |
| cpu_system_i/mdm_1/U0/Use_E2.BSCAN_I/Use_E2.BSCANE2_I/DRCK   | cpu_system_i/mdm_1/U0/Use_E2.BSCAN_I/DRCK                   |            33.3 |
| cpu_system_i/mdm_1/U0/Use_E2.BSCAN_I/Use_E2.BSCANE2_I/UPDATE | cpu_system_i/mdm_1/U0/Use_E2.BSCAN_I/Dbg_Update_0           |            33.3 |
+--------------------------------------------------------------+-------------------------------------------------------------+-----------------+


3. Detailed Reports
-------------------

3.1 By Hierarchy
----------------

+-------------------------------+-----------+
| Name                          | Power (W) |
+-------------------------------+-----------+
| cpu_system_wrapper            |     0.140 |
|   cpu_system_i                |     0.140 |
|     clk_wiz_1                 |     0.106 |
|       inst                    |     0.106 |
|     gpio_sw_btn               |     0.001 |
|       U0                      |     0.001 |
|     microblaze_0              |     0.016 |
|       U0                      |     0.016 |
|     microblaze_0_axi_intc     |     0.001 |
|       U0                      |     0.001 |
|     microblaze_0_axi_periph   |     0.001 |
|       xbar                    |     0.001 |
|     microblaze_0_local_memory |     0.007 |
|       lmb_bram                |     0.007 |
|     timer                     |     0.004 |
|       U0                      |     0.004 |
+-------------------------------+-----------+


