TRACE::2023-05-16.12:39:45::SCWPlatform::Trying to open the hw design at E:/Egyetem/fpga_alapu_rendszerek/mb_system2/vitis/mb_platform/hw/cpu_system_wrapper.xsa
TRACE::2023-05-16.12:39:45::SCWPlatform::DSA given E:/Egyetem/fpga_alapu_rendszerek/mb_system2/vitis/mb_platform/hw/cpu_system_wrapper.xsa
TRACE::2023-05-16.12:39:45::SCWPlatform::DSA absoulate path E:/Egyetem/fpga_alapu_rendszerek/mb_system2/vitis/mb_platform/hw/cpu_system_wrapper.xsa
TRACE::2023-05-16.12:39:45::SCWPlatform::DSA directory E:/Egyetem/fpga_alapu_rendszerek/mb_system2/vitis/mb_platform/hw
TRACE::2023-05-16.12:39:45::SCWPlatform:: Platform Path E:/Egyetem/fpga_alapu_rendszerek/mb_system2/vitis/mb_platform/hw/cpu_system_wrapper.xsa
TRACE::2023-05-16.12:39:45::SCWPlatform:: Unique name xilinx:::0.0
TRACE::2023-05-16.12:39:45::SCWPlatform::Do not have an existing db opened. 
TRACE::2023-05-16.12:39:46::SCWPlatform::Opened new HwDB with name cpu_system_wrapper_0
TRACE::2023-05-16.12:39:46::SCWWriter::formatted JSON is {
	"platformName":	"mb_platform",
	"sprVersion":	"2.0",
	"mode":	"gui",
	"dsaType":	"Fixed",
	"platformDesc":	"mb_platform",
	"platHandOff":	"E:/Egyetem/fpga_alapu_rendszerek/mb_system2/cpu_system_wrapper.xsa",
	"platIntHandOff":	"<platformDir>/hw/cpu_system_wrapper.xsa",
	"deviceType":	"FPGA",
	"platIsPrebuiltAutogen":	"false",
	"platIsNoBootBsp":	"false",
	"hasFsblMakeHasChanges":	"false",
	"hasPmufwMakeHasChanges":	"false",
	"platPreBuiltFlag":	false,
	"platformSamplesDir":	""
}
TRACE::2023-05-16.12:39:46::SCWWriter::formatted JSON is {
	"platformName":	"mb_platform",
	"sprVersion":	"2.0",
	"mode":	"gui",
	"dsaType":	"Fixed",
	"platformDesc":	"mb_platform",
	"platHandOff":	"E:/Egyetem/fpga_alapu_rendszerek/mb_system2/cpu_system_wrapper.xsa",
	"platIntHandOff":	"<platformDir>/hw/cpu_system_wrapper.xsa",
	"deviceType":	"FPGA",
	"platIsPrebuiltAutogen":	"false",
	"platIsNoBootBsp":	"false",
	"hasFsblMakeHasChanges":	"false",
	"hasPmufwMakeHasChanges":	"false",
	"platPreBuiltFlag":	false,
	"platformSamplesDir":	"",
	"platActiveSys":	"mb_platform",
	"systems":	[{
			"systemName":	"mb_platform",
			"systemDesc":	"mb_platform",
			"sysIsBootAutoGen":	"true",
			"systemDispName":	"mb_platform"
		}]
}
TRACE::2023-05-16.12:39:46::SCWPlatform::Boot application domains not present, creating them
TRACE::2023-05-16.12:39:46::SCWPlatform::Pure FPGA device, no boot application will be created.
TRACE::2023-05-16.12:39:46::SCWWriter::formatted JSON is {
	"platformName":	"mb_platform",
	"sprVersion":	"2.0",
	"mode":	"gui",
	"dsaType":	"Fixed",
	"platformDesc":	"mb_platform",
	"platHandOff":	"E:/Egyetem/fpga_alapu_rendszerek/mb_system2/cpu_system_wrapper.xsa",
	"platIntHandOff":	"<platformDir>/hw/cpu_system_wrapper.xsa",
	"deviceType":	"FPGA",
	"platIsPrebuiltAutogen":	"false",
	"platIsNoBootBsp":	"false",
	"hasFsblMakeHasChanges":	"false",
	"hasPmufwMakeHasChanges":	"false",
	"platPreBuiltFlag":	false,
	"platformSamplesDir":	"",
	"platActiveSys":	"mb_platform",
	"systems":	[{
			"systemName":	"mb_platform",
			"systemDesc":	"mb_platform",
			"sysIsBootAutoGen":	"true",
			"systemDispName":	"mb_platform"
		}]
}
TRACE::2023-05-16.12:39:46::SCWPlatform::Trying to open the hw design at E:/Egyetem/fpga_alapu_rendszerek/mb_system2/vitis/mb_platform/hw/cpu_system_wrapper.xsa
TRACE::2023-05-16.12:39:46::SCWPlatform::DSA given E:/Egyetem/fpga_alapu_rendszerek/mb_system2/vitis/mb_platform/hw/cpu_system_wrapper.xsa
TRACE::2023-05-16.12:39:46::SCWPlatform::DSA absoulate path E:/Egyetem/fpga_alapu_rendszerek/mb_system2/vitis/mb_platform/hw/cpu_system_wrapper.xsa
TRACE::2023-05-16.12:39:46::SCWPlatform::DSA directory E:/Egyetem/fpga_alapu_rendszerek/mb_system2/vitis/mb_platform/hw
TRACE::2023-05-16.12:39:46::SCWPlatform:: Platform Path E:/Egyetem/fpga_alapu_rendszerek/mb_system2/vitis/mb_platform/hw/cpu_system_wrapper.xsa
TRACE::2023-05-16.12:39:46::SCWPlatform:: Unique name xilinx:::0.0
TRACE::2023-05-16.12:39:46::SCWPlatform::Trying to set the existing hwdb with name cpu_system_wrapper_0
TRACE::2023-05-16.12:39:46::SCWPlatform::Opened existing hwdb cpu_system_wrapper_0
TRACE::2023-05-16.12:39:46::SCWPlatform::Found the Hw Db part of the input DSA
TRACE::2023-05-16.12:39:46::SCWPlatform::Trying to open the hw design at E:/Egyetem/fpga_alapu_rendszerek/mb_system2/vitis/mb_platform/hw/cpu_system_wrapper.xsa
TRACE::2023-05-16.12:39:46::SCWPlatform::DSA given E:/Egyetem/fpga_alapu_rendszerek/mb_system2/vitis/mb_platform/hw/cpu_system_wrapper.xsa
TRACE::2023-05-16.12:39:46::SCWPlatform::DSA absoulate path E:/Egyetem/fpga_alapu_rendszerek/mb_system2/vitis/mb_platform/hw/cpu_system_wrapper.xsa
TRACE::2023-05-16.12:39:46::SCWPlatform::DSA directory E:/Egyetem/fpga_alapu_rendszerek/mb_system2/vitis/mb_platform/hw
TRACE::2023-05-16.12:39:46::SCWPlatform:: Platform Path E:/Egyetem/fpga_alapu_rendszerek/mb_system2/vitis/mb_platform/hw/cpu_system_wrapper.xsa
TRACE::2023-05-16.12:39:46::SCWPlatform:: Unique name xilinx:::0.0
TRACE::2023-05-16.12:39:46::SCWPlatform::Trying to set the existing hwdb with name cpu_system_wrapper_0
TRACE::2023-05-16.12:39:46::SCWPlatform::Opened existing hwdb cpu_system_wrapper_0
TRACE::2023-05-16.12:39:46::SCWPlatform::Found the Hw Db part of the input DSA
TRACE::2023-05-16.12:39:46::SCWPlatform::Trying to open the hw design at E:/Egyetem/fpga_alapu_rendszerek/mb_system2/vitis/mb_platform/hw/cpu_system_wrapper.xsa
TRACE::2023-05-16.12:39:46::SCWPlatform::DSA given E:/Egyetem/fpga_alapu_rendszerek/mb_system2/vitis/mb_platform/hw/cpu_system_wrapper.xsa
TRACE::2023-05-16.12:39:46::SCWPlatform::DSA absoulate path E:/Egyetem/fpga_alapu_rendszerek/mb_system2/vitis/mb_platform/hw/cpu_system_wrapper.xsa
TRACE::2023-05-16.12:39:46::SCWPlatform::DSA directory E:/Egyetem/fpga_alapu_rendszerek/mb_system2/vitis/mb_platform/hw
TRACE::2023-05-16.12:39:46::SCWPlatform:: Platform Path E:/Egyetem/fpga_alapu_rendszerek/mb_system2/vitis/mb_platform/hw/cpu_system_wrapper.xsa
TRACE::2023-05-16.12:39:46::SCWPlatform:: Unique name xilinx:::0.0
TRACE::2023-05-16.12:39:46::SCWPlatform::Trying to set the existing hwdb with name cpu_system_wrapper_0
TRACE::2023-05-16.12:39:46::SCWPlatform::Opened existing hwdb cpu_system_wrapper_0
TRACE::2023-05-16.12:39:46::SCWPlatform::Found the Hw Db part of the input DSA
TRACE::2023-05-16.12:39:46::SCWDomain::checking for install qemu data   : 
TRACE::2023-05-16.12:39:46::SCWPlatform::Trying to open the hw design at E:/Egyetem/fpga_alapu_rendszerek/mb_system2/vitis/mb_platform/hw/cpu_system_wrapper.xsa
TRACE::2023-05-16.12:39:46::SCWPlatform::DSA given E:/Egyetem/fpga_alapu_rendszerek/mb_system2/vitis/mb_platform/hw/cpu_system_wrapper.xsa
TRACE::2023-05-16.12:39:46::SCWPlatform::DSA absoulate path E:/Egyetem/fpga_alapu_rendszerek/mb_system2/vitis/mb_platform/hw/cpu_system_wrapper.xsa
TRACE::2023-05-16.12:39:46::SCWPlatform::DSA directory E:/Egyetem/fpga_alapu_rendszerek/mb_system2/vitis/mb_platform/hw
TRACE::2023-05-16.12:39:46::SCWPlatform:: Platform Path E:/Egyetem/fpga_alapu_rendszerek/mb_system2/vitis/mb_platform/hw/cpu_system_wrapper.xsa
TRACE::2023-05-16.12:39:46::SCWPlatform:: Unique name xilinx:::0.0
TRACE::2023-05-16.12:39:46::SCWPlatform::Trying to set the existing hwdb with name cpu_system_wrapper_0
TRACE::2023-05-16.12:39:46::SCWPlatform::Opened existing hwdb cpu_system_wrapper_0
TRACE::2023-05-16.12:39:46::SCWPlatform::Found the Hw Db part of the input DSA
TRACE::2023-05-16.12:39:46::SCWPlatform::Trying to open the hw design at E:/Egyetem/fpga_alapu_rendszerek/mb_system2/vitis/mb_platform/hw/cpu_system_wrapper.xsa
TRACE::2023-05-16.12:39:46::SCWPlatform::DSA given E:/Egyetem/fpga_alapu_rendszerek/mb_system2/vitis/mb_platform/hw/cpu_system_wrapper.xsa
TRACE::2023-05-16.12:39:46::SCWPlatform::DSA absoulate path E:/Egyetem/fpga_alapu_rendszerek/mb_system2/vitis/mb_platform/hw/cpu_system_wrapper.xsa
TRACE::2023-05-16.12:39:46::SCWPlatform::DSA directory E:/Egyetem/fpga_alapu_rendszerek/mb_system2/vitis/mb_platform/hw
TRACE::2023-05-16.12:39:46::SCWPlatform:: Platform Path E:/Egyetem/fpga_alapu_rendszerek/mb_system2/vitis/mb_platform/hw/cpu_system_wrapper.xsa
TRACE::2023-05-16.12:39:46::SCWPlatform:: Unique name xilinx:::0.0
TRACE::2023-05-16.12:39:46::SCWPlatform::Trying to set the existing hwdb with name cpu_system_wrapper_0
TRACE::2023-05-16.12:39:46::SCWPlatform::Opened existing hwdb cpu_system_wrapper_0
TRACE::2023-05-16.12:39:46::SCWPlatform::Found the Hw Db part of the input DSA
TRACE::2023-05-16.12:39:46::SCWPlatform::Trying to open the hw design at E:/Egyetem/fpga_alapu_rendszerek/mb_system2/vitis/mb_platform/hw/cpu_system_wrapper.xsa
TRACE::2023-05-16.12:39:46::SCWPlatform::DSA given E:/Egyetem/fpga_alapu_rendszerek/mb_system2/vitis/mb_platform/hw/cpu_system_wrapper.xsa
TRACE::2023-05-16.12:39:46::SCWPlatform::DSA absoulate path E:/Egyetem/fpga_alapu_rendszerek/mb_system2/vitis/mb_platform/hw/cpu_system_wrapper.xsa
TRACE::2023-05-16.12:39:46::SCWPlatform::DSA directory E:/Egyetem/fpga_alapu_rendszerek/mb_system2/vitis/mb_platform/hw
TRACE::2023-05-16.12:39:46::SCWPlatform:: Platform Path E:/Egyetem/fpga_alapu_rendszerek/mb_system2/vitis/mb_platform/hw/cpu_system_wrapper.xsa
TRACE::2023-05-16.12:39:46::SCWPlatform:: Unique name xilinx:::0.0
TRACE::2023-05-16.12:39:46::SCWPlatform::Trying to set the existing hwdb with name cpu_system_wrapper_0
TRACE::2023-05-16.12:39:46::SCWPlatform::Opened existing hwdb cpu_system_wrapper_0
TRACE::2023-05-16.12:39:46::SCWPlatform::Found the Hw Db part of the input DSA
TRACE::2023-05-16.12:39:46::SCWMssOS::Checking the sw design at  E:/Egyetem/fpga_alapu_rendszerek/mb_system2/vitis/mb_platform/microblaze_0/standalone_domain/bsp/system.mss
TRACE::2023-05-16.12:39:46::SCWMssOS::DEBUG:  swdes dump  
TRACE::2023-05-16.12:39:46::SCWMssOS::No sw design opened at  E:/Egyetem/fpga_alapu_rendszerek/mb_system2/vitis/mb_platform/microblaze_0/standalone_domain/bsp/system.mss
TRACE::2023-05-16.12:39:46::SCWMssOS::mss does not exists at E:/Egyetem/fpga_alapu_rendszerek/mb_system2/vitis/mb_platform/microblaze_0/standalone_domain/bsp/system.mss
TRACE::2023-05-16.12:39:46::SCWMssOS::Creating sw design at  E:/Egyetem/fpga_alapu_rendszerek/mb_system2/vitis/mb_platform/microblaze_0/standalone_domain/bsp/system.mss
TRACE::2023-05-16.12:39:46::SCWMssOS::Adding the swdes entry, created swdb E:/Egyetem/fpga_alapu_rendszerek/mb_system2/vitis/mb_platform/microblaze_0/standalone_domain/bsp/system.mss with des name E:/Egyetem/fpga_alapu_rendszerek/mb_system2/vitis/mb_platform/microblaze_0/standalone_domain/bsp/system.mss
TRACE::2023-05-16.12:39:46::SCWMssOS::updating the scw layer changes to swdes at   E:/Egyetem/fpga_alapu_rendszerek/mb_system2/vitis/mb_platform/microblaze_0/standalone_domain/bsp/system.mss
TRACE::2023-05-16.12:39:46::SCWMssOS::Writing mss at E:/Egyetem/fpga_alapu_rendszerek/mb_system2/vitis/mb_platform/microblaze_0/standalone_domain/bsp/system.mss
TRACE::2023-05-16.12:39:46::SCWMssOS::Completed writing the mss file at E:/Egyetem/fpga_alapu_rendszerek/mb_system2/vitis/mb_platform/microblaze_0/standalone_domain/bsp
TRACE::2023-05-16.12:39:46::SCWMssOS::Picking up changes from newly written mss file into SCW Layer. 
TRACE::2023-05-16.12:39:46::SCWMssOS::Updated the changes from newly written mss file into SCW Layer. 
TRACE::2023-05-16.12:39:46::SCWMssOS::Completed writing the mss file at E:/Egyetem/fpga_alapu_rendszerek/mb_system2/vitis/mb_platform/microblaze_0/standalone_domain/bsp
TRACE::2023-05-16.12:39:46::SCWMssOS::Forcing BSP Sources regeneration.
TRACE::2023-05-16.12:39:49::SCWMssOS::Saving the mss changes E:/Egyetem/fpga_alapu_rendszerek/mb_system2/vitis/mb_platform/microblaze_0/standalone_domain/bsp/system.mss
TRACE::2023-05-16.12:39:49::SCWMssOS::Adding the swdes entry, mss present, able to open swdb E:/Egyetem/fpga_alapu_rendszerek/mb_system2/vitis/mb_platform/microblaze_0/standalone_domain/bsp/system.mss with des name system
TRACE::2023-05-16.12:39:49::SCWMssOS::Writing the mss file completed E:/Egyetem/fpga_alapu_rendszerek/mb_system2/vitis/mb_platform/microblaze_0/standalone_domain/bsp/system.mss
TRACE::2023-05-16.12:39:49::SCWMssOS::Commit changes completed.
TRACE::2023-05-16.12:39:49::SCWPlatform::Trying to open the hw design at E:/Egyetem/fpga_alapu_rendszerek/mb_system2/vitis/mb_platform/hw/cpu_system_wrapper.xsa
TRACE::2023-05-16.12:39:49::SCWPlatform::DSA given E:/Egyetem/fpga_alapu_rendszerek/mb_system2/vitis/mb_platform/hw/cpu_system_wrapper.xsa
TRACE::2023-05-16.12:39:49::SCWPlatform::DSA absoulate path E:/Egyetem/fpga_alapu_rendszerek/mb_system2/vitis/mb_platform/hw/cpu_system_wrapper.xsa
TRACE::2023-05-16.12:39:49::SCWPlatform::DSA directory E:/Egyetem/fpga_alapu_rendszerek/mb_system2/vitis/mb_platform/hw
TRACE::2023-05-16.12:39:49::SCWPlatform:: Platform Path E:/Egyetem/fpga_alapu_rendszerek/mb_system2/vitis/mb_platform/hw/cpu_system_wrapper.xsa
TRACE::2023-05-16.12:39:49::SCWPlatform:: Unique name xilinx:::0.0
TRACE::2023-05-16.12:39:49::SCWPlatform::Trying to set the existing hwdb with name cpu_system_wrapper_0
TRACE::2023-05-16.12:39:49::SCWPlatform::Opened existing hwdb cpu_system_wrapper_0
TRACE::2023-05-16.12:39:49::SCWPlatform::Found the Hw Db part of the input DSA
TRACE::2023-05-16.12:39:49::SCWMssOS::Checking the sw design at  E:/Egyetem/fpga_alapu_rendszerek/mb_system2/vitis/mb_platform/microblaze_0/standalone_domain/bsp/system.mss
TRACE::2023-05-16.12:39:49::SCWMssOS::DEBUG:  swdes dump  E:/Egyetem/fpga_alapu_rendszerek/mb_system2/vitis/mb_platform/microblaze_0/standalone_domain/bsp/system.mss|system||

TRACE::2023-05-16.12:39:49::SCWMssOS::Sw design exists and opened at  E:/Egyetem/fpga_alapu_rendszerek/mb_system2/vitis/mb_platform/microblaze_0/standalone_domain/bsp/system.mss
TRACE::2023-05-16.12:39:49::SCWPlatform::Trying to open the hw design at E:/Egyetem/fpga_alapu_rendszerek/mb_system2/vitis/mb_platform/hw/cpu_system_wrapper.xsa
TRACE::2023-05-16.12:39:49::SCWPlatform::DSA given E:/Egyetem/fpga_alapu_rendszerek/mb_system2/vitis/mb_platform/hw/cpu_system_wrapper.xsa
TRACE::2023-05-16.12:39:49::SCWPlatform::DSA absoulate path E:/Egyetem/fpga_alapu_rendszerek/mb_system2/vitis/mb_platform/hw/cpu_system_wrapper.xsa
TRACE::2023-05-16.12:39:49::SCWPlatform::DSA directory E:/Egyetem/fpga_alapu_rendszerek/mb_system2/vitis/mb_platform/hw
TRACE::2023-05-16.12:39:49::SCWPlatform:: Platform Path E:/Egyetem/fpga_alapu_rendszerek/mb_system2/vitis/mb_platform/hw/cpu_system_wrapper.xsa
TRACE::2023-05-16.12:39:49::SCWPlatform:: Unique name xilinx:::0.0
TRACE::2023-05-16.12:39:49::SCWPlatform::Trying to set the existing hwdb with name cpu_system_wrapper_0
TRACE::2023-05-16.12:39:49::SCWPlatform::Opened existing hwdb cpu_system_wrapper_0
TRACE::2023-05-16.12:39:49::SCWPlatform::Found the Hw Db part of the input DSA
TRACE::2023-05-16.12:39:49::SCWMssOS::Checking the sw design at  E:/Egyetem/fpga_alapu_rendszerek/mb_system2/vitis/mb_platform/microblaze_0/standalone_domain/bsp/system.mss
TRACE::2023-05-16.12:39:49::SCWMssOS::DEBUG:  swdes dump  E:/Egyetem/fpga_alapu_rendszerek/mb_system2/vitis/mb_platform/microblaze_0/standalone_domain/bsp/system.mss|system||

TRACE::2023-05-16.12:39:49::SCWMssOS::Sw design exists and opened at  E:/Egyetem/fpga_alapu_rendszerek/mb_system2/vitis/mb_platform/microblaze_0/standalone_domain/bsp/system.mss
TRACE::2023-05-16.12:39:49::SCWPlatform::Trying to open the hw design at E:/Egyetem/fpga_alapu_rendszerek/mb_system2/vitis/mb_platform/hw/cpu_system_wrapper.xsa
TRACE::2023-05-16.12:39:49::SCWPlatform::DSA given E:/Egyetem/fpga_alapu_rendszerek/mb_system2/vitis/mb_platform/hw/cpu_system_wrapper.xsa
TRACE::2023-05-16.12:39:49::SCWPlatform::DSA absoulate path E:/Egyetem/fpga_alapu_rendszerek/mb_system2/vitis/mb_platform/hw/cpu_system_wrapper.xsa
TRACE::2023-05-16.12:39:49::SCWPlatform::DSA directory E:/Egyetem/fpga_alapu_rendszerek/mb_system2/vitis/mb_platform/hw
TRACE::2023-05-16.12:39:49::SCWPlatform:: Platform Path E:/Egyetem/fpga_alapu_rendszerek/mb_system2/vitis/mb_platform/hw/cpu_system_wrapper.xsa
TRACE::2023-05-16.12:39:49::SCWPlatform:: Unique name xilinx:::0.0
TRACE::2023-05-16.12:39:49::SCWPlatform::Trying to set the existing hwdb with name cpu_system_wrapper_0
TRACE::2023-05-16.12:39:49::SCWPlatform::Opened existing hwdb cpu_system_wrapper_0
TRACE::2023-05-16.12:39:49::SCWPlatform::Found the Hw Db part of the input DSA
TRACE::2023-05-16.12:39:49::SCWMssOS::Checking the sw design at  E:/Egyetem/fpga_alapu_rendszerek/mb_system2/vitis/mb_platform/microblaze_0/standalone_domain/bsp/system.mss
TRACE::2023-05-16.12:39:49::SCWMssOS::DEBUG:  swdes dump  E:/Egyetem/fpga_alapu_rendszerek/mb_system2/vitis/mb_platform/microblaze_0/standalone_domain/bsp/system.mss|system||

TRACE::2023-05-16.12:39:49::SCWMssOS::Sw design exists and opened at  E:/Egyetem/fpga_alapu_rendszerek/mb_system2/vitis/mb_platform/microblaze_0/standalone_domain/bsp/system.mss
TRACE::2023-05-16.12:39:49::SCWWriter::formatted JSON is {
	"platformName":	"mb_platform",
	"sprVersion":	"2.0",
	"mode":	"gui",
	"dsaType":	"Fixed",
	"platformDesc":	"mb_platform",
	"platHandOff":	"E:/Egyetem/fpga_alapu_rendszerek/mb_system2/cpu_system_wrapper.xsa",
	"platIntHandOff":	"<platformDir>/hw/cpu_system_wrapper.xsa",
	"deviceType":	"FPGA",
	"platIsPrebuiltAutogen":	"false",
	"platIsNoBootBsp":	"false",
	"hasFsblMakeHasChanges":	"false",
	"hasPmufwMakeHasChanges":	"false",
	"platPreBuiltFlag":	false,
	"platformSamplesDir":	"",
	"platActiveSys":	"mb_platform",
	"systems":	[{
			"systemName":	"mb_platform",
			"systemDesc":	"mb_platform",
			"sysIsBootAutoGen":	"true",
			"systemDispName":	"mb_platform",
			"sysActiveDom":	"standalone_domain",
			"sysDefaultDom":	"standalone_domain",
			"domains":	[{
					"domainName":	"standalone_domain",
					"domainDispName":	"standalone_domain",
					"domainDesc":	"standalone_domain",
					"processors":	"microblaze_0",
					"os":	"standalone",
					"sdxOs":	"standalone",
					"debugEnable":	"False",
					"domRuntimes":	["cpp"],
					"swRepo":	"",
					"mssOsVer":	"8.0",
					"mssFile":	"",
					"md5Digest":	"757ccdaf4259232215a82fb0fa7db419",
					"compatibleApp":	"",
					"domType":	"mssDomain",
					"arch":	"32-bit",
					"appSettings":	{
						"appCompilerFlags":	"",
						"appLinkerFlags":	""
					},
					"addedLibs":	[],
					"libOptions":	{
						"libsContainingOptions":	[]
					},
					"prebuiltLibs":	{
						"prebuiltIncPath":	[],
						"prebuiltLibPath":	[]
					},
					"isolation":	{
					}
				}]
		}]
}
LOG::2023-05-16.12:39:49::SCWPlatform::Started generating the artifacts platform mb_platform
TRACE::2023-05-16.12:39:49::SCWPlatform::Sanity checking of platform is completed
LOG::2023-05-16.12:39:49::SCWPlatform::Started generating the artifacts for system configuration mb_platform
LOG::2023-05-16.12:39:49::SCWSystem::Checking the domain standalone_domain
LOG::2023-05-16.12:39:49::SCWSystem::Not a boot domain 
LOG::2023-05-16.12:39:49::SCWSystem::Started Processing the domain standalone_domain
TRACE::2023-05-16.12:39:49::SCWDomain::Generating domain artifcats
TRACE::2023-05-16.12:39:49::SCWMssOS::Generating standalone artifcats
TRACE::2023-05-16.12:39:49::SCWMssOS:: Copying the user libraries. 
TRACE::2023-05-16.12:39:49::SCWPlatform::Trying to open the hw design at E:/Egyetem/fpga_alapu_rendszerek/mb_system2/vitis/mb_platform/hw/cpu_system_wrapper.xsa
TRACE::2023-05-16.12:39:49::SCWPlatform::DSA given E:/Egyetem/fpga_alapu_rendszerek/mb_system2/vitis/mb_platform/hw/cpu_system_wrapper.xsa
TRACE::2023-05-16.12:39:49::SCWPlatform::DSA absoulate path E:/Egyetem/fpga_alapu_rendszerek/mb_system2/vitis/mb_platform/hw/cpu_system_wrapper.xsa
TRACE::2023-05-16.12:39:49::SCWPlatform::DSA directory E:/Egyetem/fpga_alapu_rendszerek/mb_system2/vitis/mb_platform/hw
TRACE::2023-05-16.12:39:49::SCWPlatform:: Platform Path E:/Egyetem/fpga_alapu_rendszerek/mb_system2/vitis/mb_platform/hw/cpu_system_wrapper.xsa
TRACE::2023-05-16.12:39:49::SCWPlatform:: Unique name xilinx:::0.0
TRACE::2023-05-16.12:39:49::SCWPlatform::Trying to set the existing hwdb with name cpu_system_wrapper_0
TRACE::2023-05-16.12:39:49::SCWPlatform::Opened existing hwdb cpu_system_wrapper_0
TRACE::2023-05-16.12:39:49::SCWPlatform::Found the Hw Db part of the input DSA
TRACE::2023-05-16.12:39:49::SCWMssOS::Checking the sw design at  E:/Egyetem/fpga_alapu_rendszerek/mb_system2/vitis/mb_platform/microblaze_0/standalone_domain/bsp/system.mss
TRACE::2023-05-16.12:39:49::SCWMssOS::DEBUG:  swdes dump  E:/Egyetem/fpga_alapu_rendszerek/mb_system2/vitis/mb_platform/microblaze_0/standalone_domain/bsp/system.mss|system||

TRACE::2023-05-16.12:39:49::SCWMssOS::Sw design exists and opened at  E:/Egyetem/fpga_alapu_rendszerek/mb_system2/vitis/mb_platform/microblaze_0/standalone_domain/bsp/system.mss
TRACE::2023-05-16.12:39:49::SCWMssOS::Completed writing the mss file at E:/Egyetem/fpga_alapu_rendszerek/mb_system2/vitis/mb_platform/microblaze_0/standalone_domain/bsp
TRACE::2023-05-16.12:39:49::SCWMssOS::Mss edits present, copying mssfile into export location E:/Egyetem/fpga_alapu_rendszerek/mb_system2/vitis/mb_platform/microblaze_0/standalone_domain/bsp/system.mss
TRACE::2023-05-16.12:39:49::SCWMssOS::bsp generated is upto date with the mss file. Skipping bsp generation.
TRACE::2023-05-16.12:39:49::SCWMssOS::BSP is already built. skipping the bsp build ... 
TRACE::2023-05-16.12:39:49::SCWDomain::Skipping the build for domain :  standalone_domain
TRACE::2023-05-16.12:39:49::SCWMssOS::skipping the bsp build ... 
TRACE::2023-05-16.12:39:49::SCWMssOS::Copying to export directory.
TRACE::2023-05-16.12:39:49::SCWMssOS:: Checking if to create the Supporting Applications
TRACE::2023-05-16.12:39:49::SCWMssOS:: No Linux domain exists, trying to generate FSBL 
LOG::2023-05-16.12:39:49::SCWSystem::Completed Processing the domain standalone_domain
LOG::2023-05-16.12:39:49::SCWSystem::Completed Processing the sysconfig mb_platform
LOG::2023-05-16.12:39:49::SCWPlatform::Completed generating the artifacts for system configuration mb_platform
TRACE::2023-05-16.12:39:49::SCWPlatform::Started preparing the platform 
TRACE::2023-05-16.12:39:49::SCWSystem::Writing the bif file for system config mb_platform
TRACE::2023-05-16.12:39:49::SCWSystem::dir created 
TRACE::2023-05-16.12:39:49::SCWSystem::Writing the bif 
TRACE::2023-05-16.12:39:49::SCWPlatform::Started writing the spfm file 
TRACE::2023-05-16.12:39:49::SCWPlatform::Started writing the xpfm file 
TRACE::2023-05-16.12:39:49::SCWPlatform::Completed generating the platform
TRACE::2023-05-16.12:39:49::SCWMssOS::Saving the mss changes E:/Egyetem/fpga_alapu_rendszerek/mb_system2/vitis/mb_platform/microblaze_0/standalone_domain/bsp/system.mss
TRACE::2023-05-16.12:39:49::SCWMssOS::Found a swdesign opened with the mssfile.
TRACE::2023-05-16.12:39:49::SCWMssOS::Completed writemss as part of save.
TRACE::2023-05-16.12:39:49::SCWMssOS::Commit changes completed.
TRACE::2023-05-16.12:39:49::SCWPlatform::Trying to open the hw design at E:/Egyetem/fpga_alapu_rendszerek/mb_system2/vitis/mb_platform/hw/cpu_system_wrapper.xsa
TRACE::2023-05-16.12:39:49::SCWPlatform::DSA given E:/Egyetem/fpga_alapu_rendszerek/mb_system2/vitis/mb_platform/hw/cpu_system_wrapper.xsa
TRACE::2023-05-16.12:39:49::SCWPlatform::DSA absoulate path E:/Egyetem/fpga_alapu_rendszerek/mb_system2/vitis/mb_platform/hw/cpu_system_wrapper.xsa
TRACE::2023-05-16.12:39:49::SCWPlatform::DSA directory E:/Egyetem/fpga_alapu_rendszerek/mb_system2/vitis/mb_platform/hw
TRACE::2023-05-16.12:39:49::SCWPlatform:: Platform Path E:/Egyetem/fpga_alapu_rendszerek/mb_system2/vitis/mb_platform/hw/cpu_system_wrapper.xsa
TRACE::2023-05-16.12:39:49::SCWPlatform:: Unique name xilinx:::0.0
TRACE::2023-05-16.12:39:49::SCWPlatform::Trying to set the existing hwdb with name cpu_system_wrapper_0
TRACE::2023-05-16.12:39:49::SCWPlatform::Opened existing hwdb cpu_system_wrapper_0
TRACE::2023-05-16.12:39:49::SCWPlatform::Found the Hw Db part of the input DSA
TRACE::2023-05-16.12:39:49::SCWMssOS::Checking the sw design at  E:/Egyetem/fpga_alapu_rendszerek/mb_system2/vitis/mb_platform/microblaze_0/standalone_domain/bsp/system.mss
TRACE::2023-05-16.12:39:49::SCWMssOS::DEBUG:  swdes dump  E:/Egyetem/fpga_alapu_rendszerek/mb_system2/vitis/mb_platform/microblaze_0/standalone_domain/bsp/system.mss|system||

TRACE::2023-05-16.12:39:49::SCWMssOS::Sw design exists and opened at  E:/Egyetem/fpga_alapu_rendszerek/mb_system2/vitis/mb_platform/microblaze_0/standalone_domain/bsp/system.mss
TRACE::2023-05-16.12:39:49::SCWPlatform::Trying to open the hw design at E:/Egyetem/fpga_alapu_rendszerek/mb_system2/vitis/mb_platform/hw/cpu_system_wrapper.xsa
TRACE::2023-05-16.12:39:49::SCWPlatform::DSA given E:/Egyetem/fpga_alapu_rendszerek/mb_system2/vitis/mb_platform/hw/cpu_system_wrapper.xsa
TRACE::2023-05-16.12:39:49::SCWPlatform::DSA absoulate path E:/Egyetem/fpga_alapu_rendszerek/mb_system2/vitis/mb_platform/hw/cpu_system_wrapper.xsa
TRACE::2023-05-16.12:39:49::SCWPlatform::DSA directory E:/Egyetem/fpga_alapu_rendszerek/mb_system2/vitis/mb_platform/hw
TRACE::2023-05-16.12:39:49::SCWPlatform:: Platform Path E:/Egyetem/fpga_alapu_rendszerek/mb_system2/vitis/mb_platform/hw/cpu_system_wrapper.xsa
TRACE::2023-05-16.12:39:49::SCWPlatform:: Unique name xilinx:::0.0
TRACE::2023-05-16.12:39:49::SCWPlatform::Trying to set the existing hwdb with name cpu_system_wrapper_0
TRACE::2023-05-16.12:39:49::SCWPlatform::Opened existing hwdb cpu_system_wrapper_0
TRACE::2023-05-16.12:39:49::SCWPlatform::Found the Hw Db part of the input DSA
TRACE::2023-05-16.12:39:49::SCWMssOS::Checking the sw design at  E:/Egyetem/fpga_alapu_rendszerek/mb_system2/vitis/mb_platform/microblaze_0/standalone_domain/bsp/system.mss
TRACE::2023-05-16.12:39:49::SCWMssOS::DEBUG:  swdes dump  E:/Egyetem/fpga_alapu_rendszerek/mb_system2/vitis/mb_platform/microblaze_0/standalone_domain/bsp/system.mss|system||

TRACE::2023-05-16.12:39:49::SCWMssOS::Sw design exists and opened at  E:/Egyetem/fpga_alapu_rendszerek/mb_system2/vitis/mb_platform/microblaze_0/standalone_domain/bsp/system.mss
TRACE::2023-05-16.12:39:49::SCWPlatform::Trying to open the hw design at E:/Egyetem/fpga_alapu_rendszerek/mb_system2/vitis/mb_platform/hw/cpu_system_wrapper.xsa
TRACE::2023-05-16.12:39:49::SCWPlatform::DSA given E:/Egyetem/fpga_alapu_rendszerek/mb_system2/vitis/mb_platform/hw/cpu_system_wrapper.xsa
TRACE::2023-05-16.12:39:49::SCWPlatform::DSA absoulate path E:/Egyetem/fpga_alapu_rendszerek/mb_system2/vitis/mb_platform/hw/cpu_system_wrapper.xsa
TRACE::2023-05-16.12:39:49::SCWPlatform::DSA directory E:/Egyetem/fpga_alapu_rendszerek/mb_system2/vitis/mb_platform/hw
TRACE::2023-05-16.12:39:49::SCWPlatform:: Platform Path E:/Egyetem/fpga_alapu_rendszerek/mb_system2/vitis/mb_platform/hw/cpu_system_wrapper.xsa
TRACE::2023-05-16.12:39:49::SCWPlatform:: Unique name xilinx:::0.0
TRACE::2023-05-16.12:39:49::SCWPlatform::Trying to set the existing hwdb with name cpu_system_wrapper_0
TRACE::2023-05-16.12:39:49::SCWPlatform::Opened existing hwdb cpu_system_wrapper_0
TRACE::2023-05-16.12:39:49::SCWPlatform::Found the Hw Db part of the input DSA
TRACE::2023-05-16.12:39:49::SCWMssOS::Checking the sw design at  E:/Egyetem/fpga_alapu_rendszerek/mb_system2/vitis/mb_platform/microblaze_0/standalone_domain/bsp/system.mss
TRACE::2023-05-16.12:39:49::SCWMssOS::DEBUG:  swdes dump  E:/Egyetem/fpga_alapu_rendszerek/mb_system2/vitis/mb_platform/microblaze_0/standalone_domain/bsp/system.mss|system||

TRACE::2023-05-16.12:39:49::SCWMssOS::Sw design exists and opened at  E:/Egyetem/fpga_alapu_rendszerek/mb_system2/vitis/mb_platform/microblaze_0/standalone_domain/bsp/system.mss
TRACE::2023-05-16.12:39:49::SCWWriter::formatted JSON is {
	"platformName":	"mb_platform",
	"sprVersion":	"2.0",
	"mode":	"gui",
	"dsaType":	"Fixed",
	"platformDesc":	"mb_platform",
	"platHandOff":	"E:/Egyetem/fpga_alapu_rendszerek/mb_system2/cpu_system_wrapper.xsa",
	"platIntHandOff":	"<platformDir>/hw/cpu_system_wrapper.xsa",
	"deviceType":	"FPGA",
	"platIsPrebuiltAutogen":	"false",
	"platIsNoBootBsp":	"false",
	"hasFsblMakeHasChanges":	"false",
	"hasPmufwMakeHasChanges":	"false",
	"platPreBuiltFlag":	false,
	"platformSamplesDir":	"",
	"platActiveSys":	"mb_platform",
	"systems":	[{
			"systemName":	"mb_platform",
			"systemDesc":	"mb_platform",
			"sysIsBootAutoGen":	"true",
			"systemDispName":	"mb_platform",
			"sysActiveDom":	"standalone_domain",
			"sysDefaultDom":	"standalone_domain",
			"domains":	[{
					"domainName":	"standalone_domain",
					"domainDispName":	"standalone_domain",
					"domainDesc":	"standalone_domain",
					"processors":	"microblaze_0",
					"os":	"standalone",
					"sdxOs":	"standalone",
					"debugEnable":	"False",
					"domRuntimes":	["cpp"],
					"swRepo":	"",
					"mssOsVer":	"8.0",
					"mssFile":	"",
					"md5Digest":	"757ccdaf4259232215a82fb0fa7db419",
					"compatibleApp":	"",
					"domType":	"mssDomain",
					"arch":	"32-bit",
					"appSettings":	{
						"appCompilerFlags":	"",
						"appLinkerFlags":	""
					},
					"addedLibs":	[],
					"libOptions":	{
						"libsContainingOptions":	[]
					},
					"prebuiltLibs":	{
						"prebuiltIncPath":	[],
						"prebuiltLibPath":	[]
					},
					"isolation":	{
					}
				}]
		}]
}
KEYINFO::2023-05-16.12:39:49::SCWPlatform::updated the xpfm file.
TRACE::2023-05-16.12:39:49::SCWPlatform::Trying to open the hw design at E:/Egyetem/fpga_alapu_rendszerek/mb_system2/vitis/mb_platform/hw/cpu_system_wrapper.xsa
TRACE::2023-05-16.12:39:49::SCWPlatform::DSA given E:/Egyetem/fpga_alapu_rendszerek/mb_system2/vitis/mb_platform/hw/cpu_system_wrapper.xsa
TRACE::2023-05-16.12:39:49::SCWPlatform::DSA absoulate path E:/Egyetem/fpga_alapu_rendszerek/mb_system2/vitis/mb_platform/hw/cpu_system_wrapper.xsa
TRACE::2023-05-16.12:39:49::SCWPlatform::DSA directory E:/Egyetem/fpga_alapu_rendszerek/mb_system2/vitis/mb_platform/hw
TRACE::2023-05-16.12:39:49::SCWPlatform:: Platform Path E:/Egyetem/fpga_alapu_rendszerek/mb_system2/vitis/mb_platform/hw/cpu_system_wrapper.xsa
TRACE::2023-05-16.12:39:49::SCWPlatform:: Unique name xilinx:::0.0
TRACE::2023-05-16.12:39:49::SCWPlatform::Trying to set the existing hwdb with name cpu_system_wrapper_0
TRACE::2023-05-16.12:39:49::SCWPlatform::Opened existing hwdb cpu_system_wrapper_0
TRACE::2023-05-16.12:39:49::SCWPlatform::Found the Hw Db part of the input DSA
TRACE::2023-05-16.12:39:49::SCWMssOS::Checking the sw design at  E:/Egyetem/fpga_alapu_rendszerek/mb_system2/vitis/mb_platform/microblaze_0/standalone_domain/bsp/system.mss
TRACE::2023-05-16.12:39:49::SCWMssOS::DEBUG:  swdes dump  E:/Egyetem/fpga_alapu_rendszerek/mb_system2/vitis/mb_platform/microblaze_0/standalone_domain/bsp/system.mss|system||

TRACE::2023-05-16.12:39:49::SCWMssOS::Sw design exists and opened at  E:/Egyetem/fpga_alapu_rendszerek/mb_system2/vitis/mb_platform/microblaze_0/standalone_domain/bsp/system.mss
TRACE::2023-05-16.12:39:49::SCWMssOS::Saving the mss changes E:/Egyetem/fpga_alapu_rendszerek/mb_system2/vitis/mb_platform/microblaze_0/standalone_domain/bsp/system.mss
TRACE::2023-05-16.12:39:49::SCWMssOS::Found a swdesign opened with the mssfile.
TRACE::2023-05-16.12:39:49::SCWMssOS::Completed writemss as part of save.
TRACE::2023-05-16.12:39:49::SCWMssOS::Commit changes completed.
TRACE::2023-05-16.12:39:49::SCWPlatform::Trying to open the hw design at E:/Egyetem/fpga_alapu_rendszerek/mb_system2/vitis/mb_platform/hw/cpu_system_wrapper.xsa
TRACE::2023-05-16.12:39:49::SCWPlatform::DSA given E:/Egyetem/fpga_alapu_rendszerek/mb_system2/vitis/mb_platform/hw/cpu_system_wrapper.xsa
TRACE::2023-05-16.12:39:49::SCWPlatform::DSA absoulate path E:/Egyetem/fpga_alapu_rendszerek/mb_system2/vitis/mb_platform/hw/cpu_system_wrapper.xsa
TRACE::2023-05-16.12:39:49::SCWPlatform::DSA directory E:/Egyetem/fpga_alapu_rendszerek/mb_system2/vitis/mb_platform/hw
TRACE::2023-05-16.12:39:49::SCWPlatform:: Platform Path E:/Egyetem/fpga_alapu_rendszerek/mb_system2/vitis/mb_platform/hw/cpu_system_wrapper.xsa
TRACE::2023-05-16.12:39:49::SCWPlatform:: Unique name xilinx:::0.0
TRACE::2023-05-16.12:39:49::SCWPlatform::Trying to set the existing hwdb with name cpu_system_wrapper_0
TRACE::2023-05-16.12:39:49::SCWPlatform::Opened existing hwdb cpu_system_wrapper_0
TRACE::2023-05-16.12:39:49::SCWPlatform::Found the Hw Db part of the input DSA
TRACE::2023-05-16.12:39:49::SCWMssOS::Checking the sw design at  E:/Egyetem/fpga_alapu_rendszerek/mb_system2/vitis/mb_platform/microblaze_0/standalone_domain/bsp/system.mss
TRACE::2023-05-16.12:39:49::SCWMssOS::DEBUG:  swdes dump  E:/Egyetem/fpga_alapu_rendszerek/mb_system2/vitis/mb_platform/microblaze_0/standalone_domain/bsp/system.mss|system||

TRACE::2023-05-16.12:39:49::SCWMssOS::Sw design exists and opened at  E:/Egyetem/fpga_alapu_rendszerek/mb_system2/vitis/mb_platform/microblaze_0/standalone_domain/bsp/system.mss
TRACE::2023-05-16.12:39:49::SCWPlatform::Trying to open the hw design at E:/Egyetem/fpga_alapu_rendszerek/mb_system2/vitis/mb_platform/hw/cpu_system_wrapper.xsa
TRACE::2023-05-16.12:39:49::SCWPlatform::DSA given E:/Egyetem/fpga_alapu_rendszerek/mb_system2/vitis/mb_platform/hw/cpu_system_wrapper.xsa
TRACE::2023-05-16.12:39:49::SCWPlatform::DSA absoulate path E:/Egyetem/fpga_alapu_rendszerek/mb_system2/vitis/mb_platform/hw/cpu_system_wrapper.xsa
TRACE::2023-05-16.12:39:49::SCWPlatform::DSA directory E:/Egyetem/fpga_alapu_rendszerek/mb_system2/vitis/mb_platform/hw
TRACE::2023-05-16.12:39:49::SCWPlatform:: Platform Path E:/Egyetem/fpga_alapu_rendszerek/mb_system2/vitis/mb_platform/hw/cpu_system_wrapper.xsa
TRACE::2023-05-16.12:39:49::SCWPlatform:: Unique name xilinx:::0.0
TRACE::2023-05-16.12:39:49::SCWPlatform::Trying to set the existing hwdb with name cpu_system_wrapper_0
TRACE::2023-05-16.12:39:49::SCWPlatform::Opened existing hwdb cpu_system_wrapper_0
TRACE::2023-05-16.12:39:49::SCWPlatform::Found the Hw Db part of the input DSA
TRACE::2023-05-16.12:39:49::SCWMssOS::Checking the sw design at  E:/Egyetem/fpga_alapu_rendszerek/mb_system2/vitis/mb_platform/microblaze_0/standalone_domain/bsp/system.mss
TRACE::2023-05-16.12:39:49::SCWMssOS::DEBUG:  swdes dump  E:/Egyetem/fpga_alapu_rendszerek/mb_system2/vitis/mb_platform/microblaze_0/standalone_domain/bsp/system.mss|system||

TRACE::2023-05-16.12:39:49::SCWMssOS::Sw design exists and opened at  E:/Egyetem/fpga_alapu_rendszerek/mb_system2/vitis/mb_platform/microblaze_0/standalone_domain/bsp/system.mss
TRACE::2023-05-16.12:39:49::SCWPlatform::Trying to open the hw design at E:/Egyetem/fpga_alapu_rendszerek/mb_system2/vitis/mb_platform/hw/cpu_system_wrapper.xsa
TRACE::2023-05-16.12:39:49::SCWPlatform::DSA given E:/Egyetem/fpga_alapu_rendszerek/mb_system2/vitis/mb_platform/hw/cpu_system_wrapper.xsa
TRACE::2023-05-16.12:39:49::SCWPlatform::DSA absoulate path E:/Egyetem/fpga_alapu_rendszerek/mb_system2/vitis/mb_platform/hw/cpu_system_wrapper.xsa
TRACE::2023-05-16.12:39:49::SCWPlatform::DSA directory E:/Egyetem/fpga_alapu_rendszerek/mb_system2/vitis/mb_platform/hw
TRACE::2023-05-16.12:39:49::SCWPlatform:: Platform Path E:/Egyetem/fpga_alapu_rendszerek/mb_system2/vitis/mb_platform/hw/cpu_system_wrapper.xsa
TRACE::2023-05-16.12:39:49::SCWPlatform:: Unique name xilinx:::0.0
TRACE::2023-05-16.12:39:49::SCWPlatform::Trying to set the existing hwdb with name cpu_system_wrapper_0
TRACE::2023-05-16.12:39:49::SCWPlatform::Opened existing hwdb cpu_system_wrapper_0
TRACE::2023-05-16.12:39:49::SCWPlatform::Found the Hw Db part of the input DSA
TRACE::2023-05-16.12:39:49::SCWMssOS::Checking the sw design at  E:/Egyetem/fpga_alapu_rendszerek/mb_system2/vitis/mb_platform/microblaze_0/standalone_domain/bsp/system.mss
TRACE::2023-05-16.12:39:49::SCWMssOS::DEBUG:  swdes dump  E:/Egyetem/fpga_alapu_rendszerek/mb_system2/vitis/mb_platform/microblaze_0/standalone_domain/bsp/system.mss|system||

TRACE::2023-05-16.12:39:49::SCWMssOS::Sw design exists and opened at  E:/Egyetem/fpga_alapu_rendszerek/mb_system2/vitis/mb_platform/microblaze_0/standalone_domain/bsp/system.mss
TRACE::2023-05-16.12:39:49::SCWWriter::formatted JSON is {
	"platformName":	"mb_platform",
	"sprVersion":	"2.0",
	"mode":	"gui",
	"dsaType":	"Fixed",
	"platformDesc":	"mb_platform",
	"platHandOff":	"E:/Egyetem/fpga_alapu_rendszerek/mb_system2/cpu_system_wrapper.xsa",
	"platIntHandOff":	"<platformDir>/hw/cpu_system_wrapper.xsa",
	"deviceType":	"FPGA",
	"platIsPrebuiltAutogen":	"false",
	"platIsNoBootBsp":	"false",
	"hasFsblMakeHasChanges":	"false",
	"hasPmufwMakeHasChanges":	"false",
	"platPreBuiltFlag":	false,
	"platformSamplesDir":	"",
	"platActiveSys":	"mb_platform",
	"systems":	[{
			"systemName":	"mb_platform",
			"systemDesc":	"mb_platform",
			"sysIsBootAutoGen":	"true",
			"systemDispName":	"mb_platform",
			"sysActiveDom":	"standalone_domain",
			"sysDefaultDom":	"standalone_domain",
			"domains":	[{
					"domainName":	"standalone_domain",
					"domainDispName":	"standalone_domain",
					"domainDesc":	"standalone_domain",
					"processors":	"microblaze_0",
					"os":	"standalone",
					"sdxOs":	"standalone",
					"debugEnable":	"False",
					"domRuntimes":	["cpp"],
					"swRepo":	"",
					"mssOsVer":	"8.0",
					"mssFile":	"",
					"md5Digest":	"757ccdaf4259232215a82fb0fa7db419",
					"compatibleApp":	"",
					"domType":	"mssDomain",
					"arch":	"32-bit",
					"appSettings":	{
						"appCompilerFlags":	"",
						"appLinkerFlags":	""
					},
					"addedLibs":	[],
					"libOptions":	{
						"libsContainingOptions":	[]
					},
					"prebuiltLibs":	{
						"prebuiltIncPath":	[],
						"prebuiltLibPath":	[]
					},
					"isolation":	{
					}
				}]
		}]
}
TRACE::2023-05-16.12:39:49::SCWPlatform::Trying to open the hw design at E:/Egyetem/fpga_alapu_rendszerek/mb_system2/vitis/mb_platform/hw/cpu_system_wrapper.xsa
TRACE::2023-05-16.12:39:49::SCWPlatform::DSA given E:/Egyetem/fpga_alapu_rendszerek/mb_system2/vitis/mb_platform/hw/cpu_system_wrapper.xsa
TRACE::2023-05-16.12:39:49::SCWPlatform::DSA absoulate path E:/Egyetem/fpga_alapu_rendszerek/mb_system2/vitis/mb_platform/hw/cpu_system_wrapper.xsa
TRACE::2023-05-16.12:39:49::SCWPlatform::DSA directory E:/Egyetem/fpga_alapu_rendszerek/mb_system2/vitis/mb_platform/hw
TRACE::2023-05-16.12:39:49::SCWPlatform:: Platform Path E:/Egyetem/fpga_alapu_rendszerek/mb_system2/vitis/mb_platform/hw/cpu_system_wrapper.xsa
TRACE::2023-05-16.12:39:49::SCWPlatform:: Unique name xilinx:::0.0
TRACE::2023-05-16.12:39:49::SCWPlatform::Trying to set the existing hwdb with name cpu_system_wrapper_0
TRACE::2023-05-16.12:39:49::SCWPlatform::Opened existing hwdb cpu_system_wrapper_0
TRACE::2023-05-16.12:39:49::SCWPlatform::Found the Hw Db part of the input DSA
TRACE::2023-05-16.12:39:49::SCWMssOS::Checking the sw design at  E:/Egyetem/fpga_alapu_rendszerek/mb_system2/vitis/mb_platform/microblaze_0/standalone_domain/bsp/system.mss
TRACE::2023-05-16.12:39:49::SCWMssOS::DEBUG:  swdes dump  E:/Egyetem/fpga_alapu_rendszerek/mb_system2/vitis/mb_platform/microblaze_0/standalone_domain/bsp/system.mss|system||

TRACE::2023-05-16.12:39:49::SCWMssOS::Sw design exists and opened at  E:/Egyetem/fpga_alapu_rendszerek/mb_system2/vitis/mb_platform/microblaze_0/standalone_domain/bsp/system.mss
TRACE::2023-05-16.12:39:49::SCWPlatform::Trying to open the hw design at E:/Egyetem/fpga_alapu_rendszerek/mb_system2/vitis/mb_platform/hw/cpu_system_wrapper.xsa
TRACE::2023-05-16.12:39:49::SCWPlatform::DSA given E:/Egyetem/fpga_alapu_rendszerek/mb_system2/vitis/mb_platform/hw/cpu_system_wrapper.xsa
TRACE::2023-05-16.12:39:49::SCWPlatform::DSA absoulate path E:/Egyetem/fpga_alapu_rendszerek/mb_system2/vitis/mb_platform/hw/cpu_system_wrapper.xsa
TRACE::2023-05-16.12:39:49::SCWPlatform::DSA directory E:/Egyetem/fpga_alapu_rendszerek/mb_system2/vitis/mb_platform/hw
TRACE::2023-05-16.12:39:49::SCWPlatform:: Platform Path E:/Egyetem/fpga_alapu_rendszerek/mb_system2/vitis/mb_platform/hw/cpu_system_wrapper.xsa
TRACE::2023-05-16.12:39:49::SCWPlatform:: Unique name xilinx:::0.0
TRACE::2023-05-16.12:39:49::SCWPlatform::Trying to set the existing hwdb with name cpu_system_wrapper_0
TRACE::2023-05-16.12:39:49::SCWPlatform::Opened existing hwdb cpu_system_wrapper_0
TRACE::2023-05-16.12:39:49::SCWPlatform::Found the Hw Db part of the input DSA
TRACE::2023-05-16.12:39:49::SCWMssOS::Checking the sw design at  E:/Egyetem/fpga_alapu_rendszerek/mb_system2/vitis/mb_platform/microblaze_0/standalone_domain/bsp/system.mss
TRACE::2023-05-16.12:39:49::SCWMssOS::DEBUG:  swdes dump  E:/Egyetem/fpga_alapu_rendszerek/mb_system2/vitis/mb_platform/microblaze_0/standalone_domain/bsp/system.mss|system||

TRACE::2023-05-16.12:39:49::SCWMssOS::Sw design exists and opened at  E:/Egyetem/fpga_alapu_rendszerek/mb_system2/vitis/mb_platform/microblaze_0/standalone_domain/bsp/system.mss
TRACE::2023-05-16.12:39:49::SCWPlatform::Trying to open the hw design at E:/Egyetem/fpga_alapu_rendszerek/mb_system2/vitis/mb_platform/hw/cpu_system_wrapper.xsa
TRACE::2023-05-16.12:39:49::SCWPlatform::DSA given E:/Egyetem/fpga_alapu_rendszerek/mb_system2/vitis/mb_platform/hw/cpu_system_wrapper.xsa
TRACE::2023-05-16.12:39:49::SCWPlatform::DSA absoulate path E:/Egyetem/fpga_alapu_rendszerek/mb_system2/vitis/mb_platform/hw/cpu_system_wrapper.xsa
TRACE::2023-05-16.12:39:49::SCWPlatform::DSA directory E:/Egyetem/fpga_alapu_rendszerek/mb_system2/vitis/mb_platform/hw
TRACE::2023-05-16.12:39:49::SCWPlatform:: Platform Path E:/Egyetem/fpga_alapu_rendszerek/mb_system2/vitis/mb_platform/hw/cpu_system_wrapper.xsa
TRACE::2023-05-16.12:39:49::SCWPlatform:: Unique name xilinx:::0.0
TRACE::2023-05-16.12:39:49::SCWPlatform::Trying to set the existing hwdb with name cpu_system_wrapper_0
TRACE::2023-05-16.12:39:49::SCWPlatform::Opened existing hwdb cpu_system_wrapper_0
TRACE::2023-05-16.12:39:49::SCWPlatform::Found the Hw Db part of the input DSA
TRACE::2023-05-16.12:39:49::SCWMssOS::Checking the sw design at  E:/Egyetem/fpga_alapu_rendszerek/mb_system2/vitis/mb_platform/microblaze_0/standalone_domain/bsp/system.mss
TRACE::2023-05-16.12:39:49::SCWMssOS::DEBUG:  swdes dump  E:/Egyetem/fpga_alapu_rendszerek/mb_system2/vitis/mb_platform/microblaze_0/standalone_domain/bsp/system.mss|system||

TRACE::2023-05-16.12:39:49::SCWMssOS::Sw design exists and opened at  E:/Egyetem/fpga_alapu_rendszerek/mb_system2/vitis/mb_platform/microblaze_0/standalone_domain/bsp/system.mss
TRACE::2023-05-16.12:39:49::SCWMssOS::Saving the mss changes E:/Egyetem/fpga_alapu_rendszerek/mb_system2/vitis/mb_platform/microblaze_0/standalone_domain/bsp/system.mss
TRACE::2023-05-16.12:39:49::SCWMssOS::Found a swdesign opened with the mssfile.
TRACE::2023-05-16.12:39:49::SCWMssOS::Completed writemss as part of save.
TRACE::2023-05-16.12:39:49::SCWMssOS::Commit changes completed.
TRACE::2023-05-16.12:39:49::SCWPlatform::Trying to open the hw design at E:/Egyetem/fpga_alapu_rendszerek/mb_system2/vitis/mb_platform/hw/cpu_system_wrapper.xsa
TRACE::2023-05-16.12:39:49::SCWPlatform::DSA given E:/Egyetem/fpga_alapu_rendszerek/mb_system2/vitis/mb_platform/hw/cpu_system_wrapper.xsa
TRACE::2023-05-16.12:39:49::SCWPlatform::DSA absoulate path E:/Egyetem/fpga_alapu_rendszerek/mb_system2/vitis/mb_platform/hw/cpu_system_wrapper.xsa
TRACE::2023-05-16.12:39:49::SCWPlatform::DSA directory E:/Egyetem/fpga_alapu_rendszerek/mb_system2/vitis/mb_platform/hw
TRACE::2023-05-16.12:39:49::SCWPlatform:: Platform Path E:/Egyetem/fpga_alapu_rendszerek/mb_system2/vitis/mb_platform/hw/cpu_system_wrapper.xsa
TRACE::2023-05-16.12:39:49::SCWPlatform:: Unique name xilinx:::0.0
TRACE::2023-05-16.12:39:49::SCWPlatform::Trying to set the existing hwdb with name cpu_system_wrapper_0
TRACE::2023-05-16.12:39:49::SCWPlatform::Opened existing hwdb cpu_system_wrapper_0
TRACE::2023-05-16.12:39:49::SCWPlatform::Found the Hw Db part of the input DSA
TRACE::2023-05-16.12:39:49::SCWMssOS::Checking the sw design at  E:/Egyetem/fpga_alapu_rendszerek/mb_system2/vitis/mb_platform/microblaze_0/standalone_domain/bsp/system.mss
TRACE::2023-05-16.12:39:49::SCWMssOS::DEBUG:  swdes dump  E:/Egyetem/fpga_alapu_rendszerek/mb_system2/vitis/mb_platform/microblaze_0/standalone_domain/bsp/system.mss|system||

TRACE::2023-05-16.12:39:49::SCWMssOS::Sw design exists and opened at  E:/Egyetem/fpga_alapu_rendszerek/mb_system2/vitis/mb_platform/microblaze_0/standalone_domain/bsp/system.mss
TRACE::2023-05-16.12:39:49::SCWPlatform::Trying to open the hw design at E:/Egyetem/fpga_alapu_rendszerek/mb_system2/vitis/mb_platform/hw/cpu_system_wrapper.xsa
TRACE::2023-05-16.12:39:49::SCWPlatform::DSA given E:/Egyetem/fpga_alapu_rendszerek/mb_system2/vitis/mb_platform/hw/cpu_system_wrapper.xsa
TRACE::2023-05-16.12:39:49::SCWPlatform::DSA absoulate path E:/Egyetem/fpga_alapu_rendszerek/mb_system2/vitis/mb_platform/hw/cpu_system_wrapper.xsa
TRACE::2023-05-16.12:39:49::SCWPlatform::DSA directory E:/Egyetem/fpga_alapu_rendszerek/mb_system2/vitis/mb_platform/hw
TRACE::2023-05-16.12:39:49::SCWPlatform:: Platform Path E:/Egyetem/fpga_alapu_rendszerek/mb_system2/vitis/mb_platform/hw/cpu_system_wrapper.xsa
TRACE::2023-05-16.12:39:49::SCWPlatform:: Unique name xilinx:::0.0
TRACE::2023-05-16.12:39:49::SCWPlatform::Trying to set the existing hwdb with name cpu_system_wrapper_0
TRACE::2023-05-16.12:39:49::SCWPlatform::Opened existing hwdb cpu_system_wrapper_0
TRACE::2023-05-16.12:39:49::SCWPlatform::Found the Hw Db part of the input DSA
TRACE::2023-05-16.12:39:49::SCWMssOS::Checking the sw design at  E:/Egyetem/fpga_alapu_rendszerek/mb_system2/vitis/mb_platform/microblaze_0/standalone_domain/bsp/system.mss
TRACE::2023-05-16.12:39:49::SCWMssOS::DEBUG:  swdes dump  E:/Egyetem/fpga_alapu_rendszerek/mb_system2/vitis/mb_platform/microblaze_0/standalone_domain/bsp/system.mss|system||

TRACE::2023-05-16.12:39:49::SCWMssOS::Sw design exists and opened at  E:/Egyetem/fpga_alapu_rendszerek/mb_system2/vitis/mb_platform/microblaze_0/standalone_domain/bsp/system.mss
TRACE::2023-05-16.12:39:49::SCWPlatform::Trying to open the hw design at E:/Egyetem/fpga_alapu_rendszerek/mb_system2/vitis/mb_platform/hw/cpu_system_wrapper.xsa
TRACE::2023-05-16.12:39:49::SCWPlatform::DSA given E:/Egyetem/fpga_alapu_rendszerek/mb_system2/vitis/mb_platform/hw/cpu_system_wrapper.xsa
TRACE::2023-05-16.12:39:49::SCWPlatform::DSA absoulate path E:/Egyetem/fpga_alapu_rendszerek/mb_system2/vitis/mb_platform/hw/cpu_system_wrapper.xsa
TRACE::2023-05-16.12:39:49::SCWPlatform::DSA directory E:/Egyetem/fpga_alapu_rendszerek/mb_system2/vitis/mb_platform/hw
TRACE::2023-05-16.12:39:49::SCWPlatform:: Platform Path E:/Egyetem/fpga_alapu_rendszerek/mb_system2/vitis/mb_platform/hw/cpu_system_wrapper.xsa
TRACE::2023-05-16.12:39:49::SCWPlatform:: Unique name xilinx:::0.0
TRACE::2023-05-16.12:39:49::SCWPlatform::Trying to set the existing hwdb with name cpu_system_wrapper_0
TRACE::2023-05-16.12:39:49::SCWPlatform::Opened existing hwdb cpu_system_wrapper_0
TRACE::2023-05-16.12:39:49::SCWPlatform::Found the Hw Db part of the input DSA
TRACE::2023-05-16.12:39:49::SCWMssOS::Checking the sw design at  E:/Egyetem/fpga_alapu_rendszerek/mb_system2/vitis/mb_platform/microblaze_0/standalone_domain/bsp/system.mss
TRACE::2023-05-16.12:39:49::SCWMssOS::DEBUG:  swdes dump  E:/Egyetem/fpga_alapu_rendszerek/mb_system2/vitis/mb_platform/microblaze_0/standalone_domain/bsp/system.mss|system||

TRACE::2023-05-16.12:39:49::SCWMssOS::Sw design exists and opened at  E:/Egyetem/fpga_alapu_rendszerek/mb_system2/vitis/mb_platform/microblaze_0/standalone_domain/bsp/system.mss
TRACE::2023-05-16.12:39:49::SCWWriter::formatted JSON is {
	"platformName":	"mb_platform",
	"sprVersion":	"2.0",
	"mode":	"gui",
	"dsaType":	"Fixed",
	"platformDesc":	"mb_platform",
	"platHandOff":	"E:/Egyetem/fpga_alapu_rendszerek/mb_system2/cpu_system_wrapper.xsa",
	"platIntHandOff":	"<platformDir>/hw/cpu_system_wrapper.xsa",
	"deviceType":	"FPGA",
	"platIsPrebuiltAutogen":	"false",
	"platIsNoBootBsp":	"false",
	"hasFsblMakeHasChanges":	"false",
	"hasPmufwMakeHasChanges":	"false",
	"platPreBuiltFlag":	false,
	"platformSamplesDir":	"",
	"platActiveSys":	"mb_platform",
	"systems":	[{
			"systemName":	"mb_platform",
			"systemDesc":	"mb_platform",
			"sysIsBootAutoGen":	"true",
			"systemDispName":	"mb_platform",
			"sysActiveDom":	"standalone_domain",
			"sysDefaultDom":	"standalone_domain",
			"domains":	[{
					"domainName":	"standalone_domain",
					"domainDispName":	"standalone on microblaze_0",
					"domainDesc":	"standalone_domain",
					"processors":	"microblaze_0",
					"os":	"standalone",
					"sdxOs":	"standalone",
					"debugEnable":	"False",
					"domRuntimes":	["cpp"],
					"swRepo":	"",
					"mssOsVer":	"8.0",
					"mssFile":	"",
					"md5Digest":	"757ccdaf4259232215a82fb0fa7db419",
					"compatibleApp":	"",
					"domType":	"mssDomain",
					"arch":	"32-bit",
					"appSettings":	{
						"appCompilerFlags":	"",
						"appLinkerFlags":	""
					},
					"addedLibs":	[],
					"libOptions":	{
						"libsContainingOptions":	[]
					},
					"prebuiltLibs":	{
						"prebuiltIncPath":	[],
						"prebuiltLibPath":	[]
					},
					"isolation":	{
					}
				}]
		}]
}
TRACE::2023-05-16.12:39:49::SCWMssOS::Saving the mss changes E:/Egyetem/fpga_alapu_rendszerek/mb_system2/vitis/mb_platform/microblaze_0/standalone_domain/bsp/system.mss
TRACE::2023-05-16.12:39:49::SCWMssOS::Found a swdesign opened with the mssfile.
TRACE::2023-05-16.12:39:49::SCWMssOS::Completed writemss as part of save.
TRACE::2023-05-16.12:39:49::SCWMssOS::Commit changes completed.
TRACE::2023-05-16.12:39:49::SCWPlatform::Trying to open the hw design at E:/Egyetem/fpga_alapu_rendszerek/mb_system2/vitis/mb_platform/hw/cpu_system_wrapper.xsa
TRACE::2023-05-16.12:39:49::SCWPlatform::DSA given E:/Egyetem/fpga_alapu_rendszerek/mb_system2/vitis/mb_platform/hw/cpu_system_wrapper.xsa
TRACE::2023-05-16.12:39:49::SCWPlatform::DSA absoulate path E:/Egyetem/fpga_alapu_rendszerek/mb_system2/vitis/mb_platform/hw/cpu_system_wrapper.xsa
TRACE::2023-05-16.12:39:49::SCWPlatform::DSA directory E:/Egyetem/fpga_alapu_rendszerek/mb_system2/vitis/mb_platform/hw
TRACE::2023-05-16.12:39:49::SCWPlatform:: Platform Path E:/Egyetem/fpga_alapu_rendszerek/mb_system2/vitis/mb_platform/hw/cpu_system_wrapper.xsa
TRACE::2023-05-16.12:39:49::SCWPlatform:: Unique name xilinx:::0.0
TRACE::2023-05-16.12:39:49::SCWPlatform::Trying to set the existing hwdb with name cpu_system_wrapper_0
TRACE::2023-05-16.12:39:49::SCWPlatform::Opened existing hwdb cpu_system_wrapper_0
TRACE::2023-05-16.12:39:49::SCWPlatform::Found the Hw Db part of the input DSA
TRACE::2023-05-16.12:39:49::SCWMssOS::Checking the sw design at  E:/Egyetem/fpga_alapu_rendszerek/mb_system2/vitis/mb_platform/microblaze_0/standalone_domain/bsp/system.mss
TRACE::2023-05-16.12:39:49::SCWMssOS::DEBUG:  swdes dump  E:/Egyetem/fpga_alapu_rendszerek/mb_system2/vitis/mb_platform/microblaze_0/standalone_domain/bsp/system.mss|system||

TRACE::2023-05-16.12:39:49::SCWMssOS::Sw design exists and opened at  E:/Egyetem/fpga_alapu_rendszerek/mb_system2/vitis/mb_platform/microblaze_0/standalone_domain/bsp/system.mss
TRACE::2023-05-16.12:39:49::SCWPlatform::Trying to open the hw design at E:/Egyetem/fpga_alapu_rendszerek/mb_system2/vitis/mb_platform/hw/cpu_system_wrapper.xsa
TRACE::2023-05-16.12:39:49::SCWPlatform::DSA given E:/Egyetem/fpga_alapu_rendszerek/mb_system2/vitis/mb_platform/hw/cpu_system_wrapper.xsa
TRACE::2023-05-16.12:39:49::SCWPlatform::DSA absoulate path E:/Egyetem/fpga_alapu_rendszerek/mb_system2/vitis/mb_platform/hw/cpu_system_wrapper.xsa
TRACE::2023-05-16.12:39:49::SCWPlatform::DSA directory E:/Egyetem/fpga_alapu_rendszerek/mb_system2/vitis/mb_platform/hw
TRACE::2023-05-16.12:39:49::SCWPlatform:: Platform Path E:/Egyetem/fpga_alapu_rendszerek/mb_system2/vitis/mb_platform/hw/cpu_system_wrapper.xsa
TRACE::2023-05-16.12:39:49::SCWPlatform:: Unique name xilinx:::0.0
TRACE::2023-05-16.12:39:49::SCWPlatform::Trying to set the existing hwdb with name cpu_system_wrapper_0
TRACE::2023-05-16.12:39:49::SCWPlatform::Opened existing hwdb cpu_system_wrapper_0
TRACE::2023-05-16.12:39:49::SCWPlatform::Found the Hw Db part of the input DSA
TRACE::2023-05-16.12:39:49::SCWMssOS::Checking the sw design at  E:/Egyetem/fpga_alapu_rendszerek/mb_system2/vitis/mb_platform/microblaze_0/standalone_domain/bsp/system.mss
TRACE::2023-05-16.12:39:49::SCWMssOS::DEBUG:  swdes dump  E:/Egyetem/fpga_alapu_rendszerek/mb_system2/vitis/mb_platform/microblaze_0/standalone_domain/bsp/system.mss|system||

TRACE::2023-05-16.12:39:49::SCWMssOS::Sw design exists and opened at  E:/Egyetem/fpga_alapu_rendszerek/mb_system2/vitis/mb_platform/microblaze_0/standalone_domain/bsp/system.mss
TRACE::2023-05-16.12:39:49::SCWPlatform::Trying to open the hw design at E:/Egyetem/fpga_alapu_rendszerek/mb_system2/vitis/mb_platform/hw/cpu_system_wrapper.xsa
TRACE::2023-05-16.12:39:49::SCWPlatform::DSA given E:/Egyetem/fpga_alapu_rendszerek/mb_system2/vitis/mb_platform/hw/cpu_system_wrapper.xsa
TRACE::2023-05-16.12:39:49::SCWPlatform::DSA absoulate path E:/Egyetem/fpga_alapu_rendszerek/mb_system2/vitis/mb_platform/hw/cpu_system_wrapper.xsa
TRACE::2023-05-16.12:39:49::SCWPlatform::DSA directory E:/Egyetem/fpga_alapu_rendszerek/mb_system2/vitis/mb_platform/hw
TRACE::2023-05-16.12:39:49::SCWPlatform:: Platform Path E:/Egyetem/fpga_alapu_rendszerek/mb_system2/vitis/mb_platform/hw/cpu_system_wrapper.xsa
TRACE::2023-05-16.12:39:49::SCWPlatform:: Unique name xilinx:::0.0
TRACE::2023-05-16.12:39:49::SCWPlatform::Trying to set the existing hwdb with name cpu_system_wrapper_0
TRACE::2023-05-16.12:39:49::SCWPlatform::Opened existing hwdb cpu_system_wrapper_0
TRACE::2023-05-16.12:39:49::SCWPlatform::Found the Hw Db part of the input DSA
TRACE::2023-05-16.12:39:49::SCWMssOS::Checking the sw design at  E:/Egyetem/fpga_alapu_rendszerek/mb_system2/vitis/mb_platform/microblaze_0/standalone_domain/bsp/system.mss
TRACE::2023-05-16.12:39:49::SCWMssOS::DEBUG:  swdes dump  E:/Egyetem/fpga_alapu_rendszerek/mb_system2/vitis/mb_platform/microblaze_0/standalone_domain/bsp/system.mss|system||

TRACE::2023-05-16.12:39:49::SCWMssOS::Sw design exists and opened at  E:/Egyetem/fpga_alapu_rendszerek/mb_system2/vitis/mb_platform/microblaze_0/standalone_domain/bsp/system.mss
TRACE::2023-05-16.12:39:49::SCWWriter::formatted JSON is {
	"platformName":	"mb_platform",
	"sprVersion":	"2.0",
	"mode":	"gui",
	"dsaType":	"Fixed",
	"platformDesc":	"mb_platform",
	"platHandOff":	"E:/Egyetem/fpga_alapu_rendszerek/mb_system2/cpu_system_wrapper.xsa",
	"platIntHandOff":	"<platformDir>/hw/cpu_system_wrapper.xsa",
	"deviceType":	"FPGA",
	"platIsPrebuiltAutogen":	"false",
	"platIsNoBootBsp":	"false",
	"hasFsblMakeHasChanges":	"false",
	"hasPmufwMakeHasChanges":	"false",
	"platPreBuiltFlag":	false,
	"platformSamplesDir":	"",
	"platActiveSys":	"mb_platform",
	"systems":	[{
			"systemName":	"mb_platform",
			"systemDesc":	"mb_platform",
			"sysIsBootAutoGen":	"true",
			"systemDispName":	"mb_platform",
			"sysActiveDom":	"standalone_domain",
			"sysDefaultDom":	"standalone_domain",
			"domains":	[{
					"domainName":	"standalone_domain",
					"domainDispName":	"standalone on microblaze_0",
					"domainDesc":	"standalone_domain",
					"processors":	"microblaze_0",
					"os":	"standalone",
					"sdxOs":	"standalone",
					"debugEnable":	"False",
					"domRuntimes":	["cpp"],
					"swRepo":	"",
					"mssOsVer":	"8.0",
					"mssFile":	"",
					"md5Digest":	"757ccdaf4259232215a82fb0fa7db419",
					"compatibleApp":	"",
					"domType":	"mssDomain",
					"arch":	"32-bit",
					"appSettings":	{
						"appCompilerFlags":	"",
						"appLinkerFlags":	""
					},
					"addedLibs":	[],
					"libOptions":	{
						"libsContainingOptions":	[]
					},
					"prebuiltLibs":	{
						"prebuiltIncPath":	[],
						"prebuiltLibPath":	[]
					},
					"isolation":	{
					}
				}]
		}]
}
TRACE::2023-05-16.12:39:49::SCWPlatform::Clearing the existing platform
TRACE::2023-05-16.12:39:49::SCWSystem::Clearing the existing sysconfig
TRACE::2023-05-16.12:39:49::SCWMssOS::Removing the swdes entry for  E:/Egyetem/fpga_alapu_rendszerek/mb_system2/vitis/mb_platform/microblaze_0/standalone_domain/bsp/system.mss
TRACE::2023-05-16.12:39:49::SCWSystem::Clearing the domains completed.
TRACE::2023-05-16.12:39:49::SCWPlatform::Clearing the opened hw db.
TRACE::2023-05-16.12:39:49::SCWPlatform::DSA given E:/Egyetem/fpga_alapu_rendszerek/mb_system2/vitis/mb_platform/hw/cpu_system_wrapper.xsa
TRACE::2023-05-16.12:39:49::SCWPlatform::DSA absoulate path E:/Egyetem/fpga_alapu_rendszerek/mb_system2/vitis/mb_platform/hw/cpu_system_wrapper.xsa
TRACE::2023-05-16.12:39:49::SCWPlatform:: Platform location is E:/Egyetem/fpga_alapu_rendszerek/mb_system2/vitis/mb_platform/hw
TRACE::2023-05-16.12:39:49::SCWPlatform:: Platform Path E:/Egyetem/fpga_alapu_rendszerek/mb_system2/vitis/mb_platform/hw/cpu_system_wrapper.xsa
TRACE::2023-05-16.12:39:49::SCWPlatform:: Unique name xilinx:::0.0
TRACE::2023-05-16.12:39:49::SCWPlatform::Removing the HwDB with name E:/Egyetem/fpga_alapu_rendszerek/mb_system2/vitis/mb_platform/hw/cpu_system_wrapper.xsa
TRACE::2023-05-16.12:39:49::SCWPlatform::Trying to open the hw design at E:/Egyetem/fpga_alapu_rendszerek/mb_system2/vitis/mb_platform/hw/cpu_system_wrapper.xsa
TRACE::2023-05-16.12:39:49::SCWPlatform::DSA given E:/Egyetem/fpga_alapu_rendszerek/mb_system2/vitis/mb_platform/hw/cpu_system_wrapper.xsa
TRACE::2023-05-16.12:39:49::SCWPlatform::DSA absoulate path E:/Egyetem/fpga_alapu_rendszerek/mb_system2/vitis/mb_platform/hw/cpu_system_wrapper.xsa
TRACE::2023-05-16.12:39:49::SCWPlatform::DSA directory E:/Egyetem/fpga_alapu_rendszerek/mb_system2/vitis/mb_platform/hw
TRACE::2023-05-16.12:39:49::SCWPlatform:: Platform Path E:/Egyetem/fpga_alapu_rendszerek/mb_system2/vitis/mb_platform/hw/cpu_system_wrapper.xsa
TRACE::2023-05-16.12:39:49::SCWPlatform:: Unique name xilinx:::0.0
TRACE::2023-05-16.12:39:49::SCWPlatform::Do not have an existing db opened. 
TRACE::2023-05-16.12:39:49::SCWPlatform::Opened new HwDB with name cpu_system_wrapper_1
TRACE::2023-05-16.12:39:49::SCWReader::Active system found as  mb_platform
TRACE::2023-05-16.12:39:49::SCWReader::Handling sysconfig mb_platform
TRACE::2023-05-16.12:39:49::SCWDomain::checking for install qemu data   : 
TRACE::2023-05-16.12:39:49::SCWPlatform::Trying to open the hw design at E:/Egyetem/fpga_alapu_rendszerek/mb_system2/vitis/mb_platform/hw/cpu_system_wrapper.xsa
TRACE::2023-05-16.12:39:49::SCWPlatform::DSA given E:/Egyetem/fpga_alapu_rendszerek/mb_system2/vitis/mb_platform/hw/cpu_system_wrapper.xsa
TRACE::2023-05-16.12:39:49::SCWPlatform::DSA absoulate path E:/Egyetem/fpga_alapu_rendszerek/mb_system2/vitis/mb_platform/hw/cpu_system_wrapper.xsa
TRACE::2023-05-16.12:39:49::SCWPlatform::DSA directory E:/Egyetem/fpga_alapu_rendszerek/mb_system2/vitis/mb_platform/hw
TRACE::2023-05-16.12:39:49::SCWPlatform:: Platform Path E:/Egyetem/fpga_alapu_rendszerek/mb_system2/vitis/mb_platform/hw/cpu_system_wrapper.xsa
TRACE::2023-05-16.12:39:49::SCWPlatform:: Unique name xilinx:::0.0
TRACE::2023-05-16.12:39:49::SCWPlatform::Trying to set the existing hwdb with name cpu_system_wrapper_1
TRACE::2023-05-16.12:39:49::SCWPlatform::Opened existing hwdb cpu_system_wrapper_1
TRACE::2023-05-16.12:39:49::SCWPlatform::Found the Hw Db part of the input DSA
TRACE::2023-05-16.12:39:49::SCWPlatform::Trying to open the hw design at E:/Egyetem/fpga_alapu_rendszerek/mb_system2/vitis/mb_platform/hw/cpu_system_wrapper.xsa
TRACE::2023-05-16.12:39:49::SCWPlatform::DSA given E:/Egyetem/fpga_alapu_rendszerek/mb_system2/vitis/mb_platform/hw/cpu_system_wrapper.xsa
TRACE::2023-05-16.12:39:49::SCWPlatform::DSA absoulate path E:/Egyetem/fpga_alapu_rendszerek/mb_system2/vitis/mb_platform/hw/cpu_system_wrapper.xsa
TRACE::2023-05-16.12:39:49::SCWPlatform::DSA directory E:/Egyetem/fpga_alapu_rendszerek/mb_system2/vitis/mb_platform/hw
TRACE::2023-05-16.12:39:49::SCWPlatform:: Platform Path E:/Egyetem/fpga_alapu_rendszerek/mb_system2/vitis/mb_platform/hw/cpu_system_wrapper.xsa
TRACE::2023-05-16.12:39:49::SCWPlatform:: Unique name xilinx:::0.0
TRACE::2023-05-16.12:39:49::SCWPlatform::Trying to set the existing hwdb with name cpu_system_wrapper_1
TRACE::2023-05-16.12:39:49::SCWPlatform::Opened existing hwdb cpu_system_wrapper_1
TRACE::2023-05-16.12:39:49::SCWPlatform::Found the Hw Db part of the input DSA
TRACE::2023-05-16.12:39:49::SCWPlatform::Trying to open the hw design at E:/Egyetem/fpga_alapu_rendszerek/mb_system2/vitis/mb_platform/hw/cpu_system_wrapper.xsa
TRACE::2023-05-16.12:39:49::SCWPlatform::DSA given E:/Egyetem/fpga_alapu_rendszerek/mb_system2/vitis/mb_platform/hw/cpu_system_wrapper.xsa
TRACE::2023-05-16.12:39:49::SCWPlatform::DSA absoulate path E:/Egyetem/fpga_alapu_rendszerek/mb_system2/vitis/mb_platform/hw/cpu_system_wrapper.xsa
TRACE::2023-05-16.12:39:49::SCWPlatform::DSA directory E:/Egyetem/fpga_alapu_rendszerek/mb_system2/vitis/mb_platform/hw
TRACE::2023-05-16.12:39:49::SCWPlatform:: Platform Path E:/Egyetem/fpga_alapu_rendszerek/mb_system2/vitis/mb_platform/hw/cpu_system_wrapper.xsa
TRACE::2023-05-16.12:39:49::SCWPlatform:: Unique name xilinx:::0.0
TRACE::2023-05-16.12:39:49::SCWPlatform::Trying to set the existing hwdb with name cpu_system_wrapper_1
TRACE::2023-05-16.12:39:49::SCWPlatform::Opened existing hwdb cpu_system_wrapper_1
TRACE::2023-05-16.12:39:49::SCWPlatform::Found the Hw Db part of the input DSA
TRACE::2023-05-16.12:39:49::SCWPlatform::Trying to open the hw design at E:/Egyetem/fpga_alapu_rendszerek/mb_system2/vitis/mb_platform/hw/cpu_system_wrapper.xsa
TRACE::2023-05-16.12:39:49::SCWPlatform::DSA given E:/Egyetem/fpga_alapu_rendszerek/mb_system2/vitis/mb_platform/hw/cpu_system_wrapper.xsa
TRACE::2023-05-16.12:39:49::SCWPlatform::DSA absoulate path E:/Egyetem/fpga_alapu_rendszerek/mb_system2/vitis/mb_platform/hw/cpu_system_wrapper.xsa
TRACE::2023-05-16.12:39:49::SCWPlatform::DSA directory E:/Egyetem/fpga_alapu_rendszerek/mb_system2/vitis/mb_platform/hw
TRACE::2023-05-16.12:39:49::SCWPlatform:: Platform Path E:/Egyetem/fpga_alapu_rendszerek/mb_system2/vitis/mb_platform/hw/cpu_system_wrapper.xsa
TRACE::2023-05-16.12:39:49::SCWPlatform:: Unique name xilinx:::0.0
TRACE::2023-05-16.12:39:49::SCWPlatform::Trying to set the existing hwdb with name cpu_system_wrapper_1
TRACE::2023-05-16.12:39:49::SCWPlatform::Opened existing hwdb cpu_system_wrapper_1
TRACE::2023-05-16.12:39:49::SCWPlatform::Found the Hw Db part of the input DSA
TRACE::2023-05-16.12:39:49::SCWMssOS::Checking the sw design at  E:/Egyetem/fpga_alapu_rendszerek/mb_system2/vitis/mb_platform/microblaze_0/standalone_domain/bsp/system.mss
TRACE::2023-05-16.12:39:49::SCWMssOS::DEBUG:  swdes dump  
TRACE::2023-05-16.12:39:49::SCWMssOS::No sw design opened at  E:/Egyetem/fpga_alapu_rendszerek/mb_system2/vitis/mb_platform/microblaze_0/standalone_domain/bsp/system.mss
TRACE::2023-05-16.12:39:49::SCWMssOS::mss exists loading the mss file  E:/Egyetem/fpga_alapu_rendszerek/mb_system2/vitis/mb_platform/microblaze_0/standalone_domain/bsp/system.mss
TRACE::2023-05-16.12:39:49::SCWMssOS::Opened the sw design from mss  E:/Egyetem/fpga_alapu_rendszerek/mb_system2/vitis/mb_platform/microblaze_0/standalone_domain/bsp/system.mss
TRACE::2023-05-16.12:39:49::SCWMssOS::Adding the swdes entry E:/Egyetem/fpga_alapu_rendszerek/mb_system2/vitis/mb_platform/microblaze_0/standalone_domain/bsp/system.mss with des name system
TRACE::2023-05-16.12:39:49::SCWMssOS::updating the scw layer about changes
TRACE::2023-05-16.12:39:49::SCWMssOS::Opened the sw design.  E:/Egyetem/fpga_alapu_rendszerek/mb_system2/vitis/mb_platform/microblaze_0/standalone_domain/bsp/system.mss
TRACE::2023-05-16.12:39:49::SCWMssOS::Saving the mss changes E:/Egyetem/fpga_alapu_rendszerek/mb_system2/vitis/mb_platform/microblaze_0/standalone_domain/bsp/system.mss
TRACE::2023-05-16.12:39:49::SCWMssOS::Found a swdesign opened with the mssfile.
TRACE::2023-05-16.12:39:49::SCWMssOS::Completed writemss as part of save.
TRACE::2023-05-16.12:39:49::SCWMssOS::Commit changes completed.
TRACE::2023-05-16.12:39:49::SCWReader::Adding prebuilt librarypaths as   
TRACE::2023-05-16.12:39:49::SCWReader::Adding prebuilt incpaths  as   
TRACE::2023-05-16.12:39:49::SCWPlatform::Trying to open the hw design at E:/Egyetem/fpga_alapu_rendszerek/mb_system2/vitis/mb_platform/hw/cpu_system_wrapper.xsa
TRACE::2023-05-16.12:39:49::SCWPlatform::DSA given E:/Egyetem/fpga_alapu_rendszerek/mb_system2/vitis/mb_platform/hw/cpu_system_wrapper.xsa
TRACE::2023-05-16.12:39:49::SCWPlatform::DSA absoulate path E:/Egyetem/fpga_alapu_rendszerek/mb_system2/vitis/mb_platform/hw/cpu_system_wrapper.xsa
TRACE::2023-05-16.12:39:49::SCWPlatform::DSA directory E:/Egyetem/fpga_alapu_rendszerek/mb_system2/vitis/mb_platform/hw
TRACE::2023-05-16.12:39:49::SCWPlatform:: Platform Path E:/Egyetem/fpga_alapu_rendszerek/mb_system2/vitis/mb_platform/hw/cpu_system_wrapper.xsa
TRACE::2023-05-16.12:39:49::SCWPlatform:: Unique name xilinx:::0.0
TRACE::2023-05-16.12:39:49::SCWPlatform::Trying to set the existing hwdb with name cpu_system_wrapper_1
TRACE::2023-05-16.12:39:49::SCWPlatform::Opened existing hwdb cpu_system_wrapper_1
TRACE::2023-05-16.12:39:49::SCWPlatform::Found the Hw Db part of the input DSA
TRACE::2023-05-16.12:39:49::SCWMssOS::Checking the sw design at  E:/Egyetem/fpga_alapu_rendszerek/mb_system2/vitis/mb_platform/microblaze_0/standalone_domain/bsp/system.mss
TRACE::2023-05-16.12:39:49::SCWMssOS::DEBUG:  swdes dump  E:/Egyetem/fpga_alapu_rendszerek/mb_system2/vitis/mb_platform/microblaze_0/standalone_domain/bsp/system.mss|system||

TRACE::2023-05-16.12:39:49::SCWMssOS::Sw design exists and opened at  E:/Egyetem/fpga_alapu_rendszerek/mb_system2/vitis/mb_platform/microblaze_0/standalone_domain/bsp/system.mss
TRACE::2023-05-16.12:39:49::SCWReader::No isolation master present  
TRACE::2023-05-16.12:39:52::SCWPlatform::Trying to open the hw design at E:/Egyetem/fpga_alapu_rendszerek/mb_system2/vitis/mb_platform/hw/cpu_system_wrapper.xsa
TRACE::2023-05-16.12:39:52::SCWPlatform::DSA given E:/Egyetem/fpga_alapu_rendszerek/mb_system2/vitis/mb_platform/hw/cpu_system_wrapper.xsa
TRACE::2023-05-16.12:39:52::SCWPlatform::DSA absoulate path E:/Egyetem/fpga_alapu_rendszerek/mb_system2/vitis/mb_platform/hw/cpu_system_wrapper.xsa
TRACE::2023-05-16.12:39:52::SCWPlatform::DSA directory E:/Egyetem/fpga_alapu_rendszerek/mb_system2/vitis/mb_platform/hw
TRACE::2023-05-16.12:39:52::SCWPlatform:: Platform Path E:/Egyetem/fpga_alapu_rendszerek/mb_system2/vitis/mb_platform/hw/cpu_system_wrapper.xsa
TRACE::2023-05-16.12:39:52::SCWPlatform:: Unique name xilinx:::0.0
TRACE::2023-05-16.12:39:52::SCWPlatform::Trying to set the existing hwdb with name cpu_system_wrapper_1
TRACE::2023-05-16.12:39:52::SCWPlatform::Opened existing hwdb cpu_system_wrapper_1
TRACE::2023-05-16.12:39:52::SCWPlatform::Found the Hw Db part of the input DSA
TRACE::2023-05-16.12:39:52::SCWMssOS::Checking the sw design at  E:/Egyetem/fpga_alapu_rendszerek/mb_system2/vitis/mb_platform/microblaze_0/standalone_domain/bsp/system.mss
TRACE::2023-05-16.12:39:52::SCWMssOS::DEBUG:  swdes dump  E:/Egyetem/fpga_alapu_rendszerek/mb_system2/vitis/mb_platform/microblaze_0/standalone_domain/bsp/system.mss|system||

TRACE::2023-05-16.12:39:52::SCWMssOS::Sw design exists and opened at  E:/Egyetem/fpga_alapu_rendszerek/mb_system2/vitis/mb_platform/microblaze_0/standalone_domain/bsp/system.mss
TRACE::2023-05-16.12:39:52::SCWMssOS::In reload Mss file.
TRACE::2023-05-16.12:39:52::SCWPlatform::Trying to open the hw design at E:/Egyetem/fpga_alapu_rendszerek/mb_system2/vitis/mb_platform/hw/cpu_system_wrapper.xsa
TRACE::2023-05-16.12:39:52::SCWPlatform::DSA given E:/Egyetem/fpga_alapu_rendszerek/mb_system2/vitis/mb_platform/hw/cpu_system_wrapper.xsa
TRACE::2023-05-16.12:39:52::SCWPlatform::DSA absoulate path E:/Egyetem/fpga_alapu_rendszerek/mb_system2/vitis/mb_platform/hw/cpu_system_wrapper.xsa
TRACE::2023-05-16.12:39:52::SCWPlatform::DSA directory E:/Egyetem/fpga_alapu_rendszerek/mb_system2/vitis/mb_platform/hw
TRACE::2023-05-16.12:39:52::SCWPlatform:: Platform Path E:/Egyetem/fpga_alapu_rendszerek/mb_system2/vitis/mb_platform/hw/cpu_system_wrapper.xsa
TRACE::2023-05-16.12:39:52::SCWPlatform:: Unique name xilinx:::0.0
TRACE::2023-05-16.12:39:52::SCWPlatform::Trying to set the existing hwdb with name cpu_system_wrapper_1
TRACE::2023-05-16.12:39:52::SCWPlatform::Opened existing hwdb cpu_system_wrapper_1
TRACE::2023-05-16.12:39:52::SCWPlatform::Found the Hw Db part of the input DSA
TRACE::2023-05-16.12:39:52::SCWMssOS::Checking the sw design at  E:/Egyetem/fpga_alapu_rendszerek/mb_system2/vitis/mb_platform/microblaze_0/standalone_domain/bsp/system.mss
TRACE::2023-05-16.12:39:52::SCWMssOS::DEBUG:  swdes dump  
TRACE::2023-05-16.12:39:52::SCWMssOS::No sw design opened at  E:/Egyetem/fpga_alapu_rendszerek/mb_system2/vitis/mb_platform/microblaze_0/standalone_domain/bsp/system.mss
TRACE::2023-05-16.12:39:52::SCWMssOS::mss exists loading the mss file  E:/Egyetem/fpga_alapu_rendszerek/mb_system2/vitis/mb_platform/microblaze_0/standalone_domain/bsp/system.mss
TRACE::2023-05-16.12:39:52::SCWMssOS::Opened the sw design from mss  E:/Egyetem/fpga_alapu_rendszerek/mb_system2/vitis/mb_platform/microblaze_0/standalone_domain/bsp/system.mss
TRACE::2023-05-16.12:39:52::SCWMssOS::Adding the swdes entry E:/Egyetem/fpga_alapu_rendszerek/mb_system2/vitis/mb_platform/microblaze_0/standalone_domain/bsp/system.mss with des name system
TRACE::2023-05-16.12:39:52::SCWMssOS::updating the scw layer about changes
TRACE::2023-05-16.12:39:52::SCWMssOS::Opened the sw design.  E:/Egyetem/fpga_alapu_rendszerek/mb_system2/vitis/mb_platform/microblaze_0/standalone_domain/bsp/system.mss
TRACE::2023-05-16.12:39:52::SCWMssOS::Saving the mss changes E:/Egyetem/fpga_alapu_rendszerek/mb_system2/vitis/mb_platform/microblaze_0/standalone_domain/bsp/system.mss
TRACE::2023-05-16.12:39:52::SCWMssOS::Found a swdesign opened with the mssfile.
TRACE::2023-05-16.12:39:52::SCWMssOS::Completed writemss as part of save.
TRACE::2023-05-16.12:39:52::SCWMssOS::Commit changes completed.
TRACE::2023-05-16.12:39:52::SCWPlatform::Trying to open the hw design at E:/Egyetem/fpga_alapu_rendszerek/mb_system2/vitis/mb_platform/hw/cpu_system_wrapper.xsa
TRACE::2023-05-16.12:39:52::SCWPlatform::DSA given E:/Egyetem/fpga_alapu_rendszerek/mb_system2/vitis/mb_platform/hw/cpu_system_wrapper.xsa
TRACE::2023-05-16.12:39:52::SCWPlatform::DSA absoulate path E:/Egyetem/fpga_alapu_rendszerek/mb_system2/vitis/mb_platform/hw/cpu_system_wrapper.xsa
TRACE::2023-05-16.12:39:52::SCWPlatform::DSA directory E:/Egyetem/fpga_alapu_rendszerek/mb_system2/vitis/mb_platform/hw
TRACE::2023-05-16.12:39:52::SCWPlatform:: Platform Path E:/Egyetem/fpga_alapu_rendszerek/mb_system2/vitis/mb_platform/hw/cpu_system_wrapper.xsa
TRACE::2023-05-16.12:39:52::SCWPlatform:: Unique name xilinx:::0.0
TRACE::2023-05-16.12:39:52::SCWPlatform::Trying to set the existing hwdb with name cpu_system_wrapper_1
TRACE::2023-05-16.12:39:52::SCWPlatform::Opened existing hwdb cpu_system_wrapper_1
TRACE::2023-05-16.12:39:52::SCWPlatform::Found the Hw Db part of the input DSA
TRACE::2023-05-16.12:39:52::SCWMssOS::Checking the sw design at  E:/Egyetem/fpga_alapu_rendszerek/mb_system2/vitis/mb_platform/microblaze_0/standalone_domain/bsp/system.mss
TRACE::2023-05-16.12:39:52::SCWMssOS::DEBUG:  swdes dump  E:/Egyetem/fpga_alapu_rendszerek/mb_system2/vitis/mb_platform/microblaze_0/standalone_domain/bsp/system.mss|system||

TRACE::2023-05-16.12:39:52::SCWMssOS::Sw design exists and opened at  E:/Egyetem/fpga_alapu_rendszerek/mb_system2/vitis/mb_platform/microblaze_0/standalone_domain/bsp/system.mss
TRACE::2023-05-16.12:39:52::SCWMssOS::Removing the swdes entry for  E:/Egyetem/fpga_alapu_rendszerek/mb_system2/vitis/mb_platform/microblaze_0/standalone_domain/bsp/system.mss
LOG::2023-05-16.12:41:15::SCWPlatform::Started generating the artifacts platform mb_platform
TRACE::2023-05-16.12:41:15::SCWPlatform::Sanity checking of platform is completed
LOG::2023-05-16.12:41:15::SCWPlatform::Started generating the artifacts for system configuration mb_platform
LOG::2023-05-16.12:41:15::SCWSystem::Checking the domain standalone_domain
LOG::2023-05-16.12:41:15::SCWSystem::Not a boot domain 
LOG::2023-05-16.12:41:15::SCWSystem::Started Processing the domain standalone_domain
TRACE::2023-05-16.12:41:15::SCWDomain::Generating domain artifcats
TRACE::2023-05-16.12:41:15::SCWMssOS::Generating standalone artifcats
TRACE::2023-05-16.12:41:15::SCWMssOS:: Copying the user libraries. 
TRACE::2023-05-16.12:41:15::SCWPlatform::Trying to open the hw design at E:/Egyetem/fpga_alapu_rendszerek/mb_system2/vitis/mb_platform/hw/cpu_system_wrapper.xsa
TRACE::2023-05-16.12:41:15::SCWPlatform::DSA given E:/Egyetem/fpga_alapu_rendszerek/mb_system2/vitis/mb_platform/hw/cpu_system_wrapper.xsa
TRACE::2023-05-16.12:41:15::SCWPlatform::DSA absoulate path E:/Egyetem/fpga_alapu_rendszerek/mb_system2/vitis/mb_platform/hw/cpu_system_wrapper.xsa
TRACE::2023-05-16.12:41:15::SCWPlatform::DSA directory E:/Egyetem/fpga_alapu_rendszerek/mb_system2/vitis/mb_platform/hw
TRACE::2023-05-16.12:41:15::SCWPlatform:: Platform Path E:/Egyetem/fpga_alapu_rendszerek/mb_system2/vitis/mb_platform/hw/cpu_system_wrapper.xsa
TRACE::2023-05-16.12:41:15::SCWPlatform:: Unique name xilinx:::0.0
TRACE::2023-05-16.12:41:15::SCWPlatform::Trying to set the existing hwdb with name cpu_system_wrapper_1
TRACE::2023-05-16.12:41:15::SCWPlatform::Opened existing hwdb cpu_system_wrapper_1
TRACE::2023-05-16.12:41:15::SCWPlatform::Found the Hw Db part of the input DSA
TRACE::2023-05-16.12:41:15::SCWMssOS::Checking the sw design at  E:/Egyetem/fpga_alapu_rendszerek/mb_system2/vitis/mb_platform/microblaze_0/standalone_domain/bsp/system.mss
TRACE::2023-05-16.12:41:15::SCWMssOS::DEBUG:  swdes dump  
TRACE::2023-05-16.12:41:15::SCWMssOS::No sw design opened at  E:/Egyetem/fpga_alapu_rendszerek/mb_system2/vitis/mb_platform/microblaze_0/standalone_domain/bsp/system.mss
TRACE::2023-05-16.12:41:15::SCWMssOS::mss exists loading the mss file  E:/Egyetem/fpga_alapu_rendszerek/mb_system2/vitis/mb_platform/microblaze_0/standalone_domain/bsp/system.mss
TRACE::2023-05-16.12:41:15::SCWMssOS::Opened the sw design from mss  E:/Egyetem/fpga_alapu_rendszerek/mb_system2/vitis/mb_platform/microblaze_0/standalone_domain/bsp/system.mss
TRACE::2023-05-16.12:41:15::SCWMssOS::Adding the swdes entry E:/Egyetem/fpga_alapu_rendszerek/mb_system2/vitis/mb_platform/microblaze_0/standalone_domain/bsp/system.mss with des name system
TRACE::2023-05-16.12:41:15::SCWMssOS::updating the scw layer about changes
TRACE::2023-05-16.12:41:15::SCWMssOS::Opened the sw design.  E:/Egyetem/fpga_alapu_rendszerek/mb_system2/vitis/mb_platform/microblaze_0/standalone_domain/bsp/system.mss
TRACE::2023-05-16.12:41:15::SCWMssOS::Completed writing the mss file at E:/Egyetem/fpga_alapu_rendszerek/mb_system2/vitis/mb_platform/microblaze_0/standalone_domain/bsp
TRACE::2023-05-16.12:41:15::SCWMssOS::Mss edits present, copying mssfile into export location E:/Egyetem/fpga_alapu_rendszerek/mb_system2/vitis/mb_platform/microblaze_0/standalone_domain/bsp/system.mss
TRACE::2023-05-16.12:41:15::SCWMssOS::bsp generated is upto date with the mss file. Skipping bsp generation.
TRACE::2023-05-16.12:41:15::SCWMssOS::BSP is already built. skipping the bsp build ... 
TRACE::2023-05-16.12:41:15::SCWDomain::Building the domain as part of full build :  standalone_domain
TRACE::2023-05-16.12:41:15::SCWMssOS::doing bsp build ... 
TRACE::2023-05-16.12:41:15::SCWMssOS::System Command Ran  E: & cd  E:/Egyetem/fpga_alapu_rendszerek/mb_system2/vitis/mb_platform/microblaze_0/standalone_domain/bsp & make 
TRACE::2023-05-16.12:41:15::SCWMssOS::make --no-print-directory seq_libs

TRACE::2023-05-16.12:41:16::SCWMssOS::'Finished building libraries sequentially.'

TRACE::2023-05-16.12:41:16::SCWMssOS::make -j 6 --no-print-directory par_libs

TRACE::2023-05-16.12:41:16::SCWMssOS::"Running Make include in microblaze_0/libsrc/bram_v4_8/src"

TRACE::2023-05-16.12:41:16::SCWMssOS::make -C microblaze_0/libsrc/bram_v4_8/src -s include  "SHELL=CMD" "COMPILER=mb-gcc" "ASSEMBLER=mb-as" "ARCHIVER=mb-ar" "COMPILE
TRACE::2023-05-16.12:41:16::SCWMssOS::R_FLAGS=  -O2 -c -mcpu=v11.0 -mlittle-endian -mno-xl-soft-div -mno-xl-soft-mul -mxl-barrel-shift -mxl-multiply-high -mxl-patter
TRACE::2023-05-16.12:41:16::SCWMssOS::n-compare" "EXTRA_COMPILER_FLAGS=-g -ffunction-sections -fdata-sections -Wall -Wextra -fno-tree-loop-distribute-patterns"

TRACE::2023-05-16.12:41:16::SCWMssOS::"Running Make include in microblaze_0/libsrc/cpu_v2_16/src"

TRACE::2023-05-16.12:41:16::SCWMssOS::make -C microblaze_0/libsrc/cpu_v2_16/src -s include  "SHELL=CMD" "COMPILER=mb-gcc" "ASSEMBLER=mb-as" "ARCHIVER=mb-ar" "COMPILE
TRACE::2023-05-16.12:41:16::SCWMssOS::R_FLAGS=  -O2 -c -mcpu=v11.0 -mlittle-endian -mno-xl-soft-div -mno-xl-soft-mul -mxl-barrel-shift -mxl-multiply-high -mxl-patter
TRACE::2023-05-16.12:41:16::SCWMssOS::n-compare" "EXTRA_COMPILER_FLAGS=-g -ffunction-sections -fdata-sections -Wall -Wextra -fno-tree-loop-distribute-patterns"

TRACE::2023-05-16.12:41:16::SCWMssOS::"Running Make include in microblaze_0/libsrc/gpio_v4_9/src"

TRACE::2023-05-16.12:41:16::SCWMssOS::make -C microblaze_0/libsrc/gpio_v4_9/src -s include  "SHELL=CMD" "COMPILER=mb-gcc" "ASSEMBLER=mb-as" "ARCHIVER=mb-ar" "COMPILE
TRACE::2023-05-16.12:41:16::SCWMssOS::R_FLAGS=  -O2 -c -mcpu=v11.0 -mlittle-endian -mno-xl-soft-div -mno-xl-soft-mul -mxl-barrel-shift -mxl-multiply-high -mxl-patter
TRACE::2023-05-16.12:41:16::SCWMssOS::n-compare" "EXTRA_COMPILER_FLAGS=-g -ffunction-sections -fdata-sections -Wall -Wextra -fno-tree-loop-distribute-patterns"

TRACE::2023-05-16.12:41:16::SCWMssOS::"Running Make include in microblaze_0/libsrc/intc_v3_15/src"

TRACE::2023-05-16.12:41:16::SCWMssOS::make -C microblaze_0/libsrc/intc_v3_15/src -s include  "SHELL=CMD" "COMPILER=mb-gcc" "ASSEMBLER=mb-as" "ARCHIVER=mb-ar" "COMPIL
TRACE::2023-05-16.12:41:16::SCWMssOS::ER_FLAGS=  -O2 -c -mcpu=v11.0 -mlittle-endian -mno-xl-soft-div -mno-xl-soft-mul -mxl-barrel-shift -mxl-multiply-high -mxl-patte
TRACE::2023-05-16.12:41:16::SCWMssOS::rn-compare" "EXTRA_COMPILER_FLAGS=-g -ffunction-sections -fdata-sections -Wall -Wextra -fno-tree-loop-distribute-patterns"

TRACE::2023-05-16.12:41:16::SCWMssOS::"Running Make include in microblaze_0/libsrc/standalone_v8_0/src"

TRACE::2023-05-16.12:41:16::SCWMssOS::make -C microblaze_0/libsrc/standalone_v8_0/src -s include  "SHELL=CMD" "COMPILER=mb-gcc" "ASSEMBLER=mb-as" "ARCHIVER=mb-ar" "C
TRACE::2023-05-16.12:41:16::SCWMssOS::OMPILER_FLAGS=  -O2 -c -mcpu=v11.0 -mlittle-endian -mno-xl-soft-div -mno-xl-soft-mul -mxl-barrel-shift -mxl-multiply-high -mxl-
TRACE::2023-05-16.12:41:16::SCWMssOS::pattern-compare" "EXTRA_COMPILER_FLAGS=-g -ffunction-sections -fdata-sections -Wall -Wextra -fno-tree-loop-distribute-patterns"
TRACE::2023-05-16.12:41:16::SCWMssOS::

TRACE::2023-05-16.12:41:16::SCWMssOS::"Running Make include in microblaze_0/libsrc/tmrctr_v4_9/src"

TRACE::2023-05-16.12:41:16::SCWMssOS::make -C microblaze_0/libsrc/tmrctr_v4_9/src -s include  "SHELL=CMD" "COMPILER=mb-gcc" "ASSEMBLER=mb-as" "ARCHIVER=mb-ar" "COMPI
TRACE::2023-05-16.12:41:16::SCWMssOS::LER_FLAGS=  -O2 -c -mcpu=v11.0 -mlittle-endian -mno-xl-soft-div -mno-xl-soft-mul -mxl-barrel-shift -mxl-multiply-high -mxl-patt
TRACE::2023-05-16.12:41:16::SCWMssOS::ern-compare" "EXTRA_COMPILER_FLAGS=-g -ffunction-sections -fdata-sections -Wall -Wextra -fno-tree-loop-distribute-patterns"

TRACE::2023-05-16.12:41:16::SCWMssOS::"Running Make include in microblaze_0/libsrc/uartlite_v3_7/src"

TRACE::2023-05-16.12:41:16::SCWMssOS::make -C microblaze_0/libsrc/uartlite_v3_7/src -s include  "SHELL=CMD" "COMPILER=mb-gcc" "ASSEMBLER=mb-as" "ARCHIVER=mb-ar" "COM
TRACE::2023-05-16.12:41:16::SCWMssOS::PILER_FLAGS=  -O2 -c -mcpu=v11.0 -mlittle-endian -mno-xl-soft-div -mno-xl-soft-mul -mxl-barrel-shift -mxl-multiply-high -mxl-pa
TRACE::2023-05-16.12:41:16::SCWMssOS::ttern-compare" "EXTRA_COMPILER_FLAGS=-g -ffunction-sections -fdata-sections -Wall -Wextra -fno-tree-loop-distribute-patterns"

TRACE::2023-05-16.12:41:16::SCWMssOS::"Running Make libs in microblaze_0/libsrc/bram_v4_8/src"

TRACE::2023-05-16.12:41:16::SCWMssOS::make -C microblaze_0/libsrc/bram_v4_8/src -s libs  "SHELL=CMD" "COMPILER=mb-gcc" "ASSEMBLER=mb-as" "ARCHIVER=mb-ar" "COMPILER_F
TRACE::2023-05-16.12:41:16::SCWMssOS::LAGS=  -O2 -c -mcpu=v11.0 -mlittle-endian -mno-xl-soft-div -mno-xl-soft-mul -mxl-barrel-shift -mxl-multiply-high -mxl-pattern-c
TRACE::2023-05-16.12:41:16::SCWMssOS::ompare" "EXTRA_COMPILER_FLAGS=-g -ffunction-sections -fdata-sections -Wall -Wextra -fno-tree-loop-distribute-patterns"

TRACE::2023-05-16.12:41:16::SCWMssOS::"Running Make libs in microblaze_0/libsrc/cpu_v2_16/src"

TRACE::2023-05-16.12:41:16::SCWMssOS::make -C microblaze_0/libsrc/cpu_v2_16/src -s libs  "SHELL=CMD" "COMPILER=mb-gcc" "ASSEMBLER=mb-as" "ARCHIVER=mb-ar" "COMPILER_F
TRACE::2023-05-16.12:41:16::SCWMssOS::LAGS=  -O2 -c -mcpu=v11.0 -mlittle-endian -mno-xl-soft-div -mno-xl-soft-mul -mxl-barrel-shift -mxl-multiply-high -mxl-pattern-c
TRACE::2023-05-16.12:41:16::SCWMssOS::ompare" "EXTRA_COMPILER_FLAGS=-g -ffunction-sections -fdata-sections -Wall -Wextra -fno-tree-loop-distribute-patterns"

TRACE::2023-05-16.12:41:16::SCWMssOS::"Running Make libs in microblaze_0/libsrc/gpio_v4_9/src"

TRACE::2023-05-16.12:41:16::SCWMssOS::make -C microblaze_0/libsrc/gpio_v4_9/src -s libs  "SHELL=CMD" "COMPILER=mb-gcc" "ASSEMBLER=mb-as" "ARCHIVER=mb-ar" "COMPILER_F
TRACE::2023-05-16.12:41:16::SCWMssOS::LAGS=  -O2 -c -mcpu=v11.0 -mlittle-endian -mno-xl-soft-div -mno-xl-soft-mul -mxl-barrel-shift -mxl-multiply-high -mxl-pattern-c
TRACE::2023-05-16.12:41:16::SCWMssOS::ompare" "EXTRA_COMPILER_FLAGS=-g -ffunction-sections -fdata-sections -Wall -Wextra -fno-tree-loop-distribute-patterns"

TRACE::2023-05-16.12:41:16::SCWMssOS::"Running Make libs in microblaze_0/libsrc/intc_v3_15/src"

TRACE::2023-05-16.12:41:17::SCWMssOS::make -C microblaze_0/libsrc/intc_v3_15/src -s libs  "SHELL=CMD" "COMPILER=mb-gcc" "ASSEMBLER=mb-as" "ARCHIVER=mb-ar" "COMPILER_
TRACE::2023-05-16.12:41:17::SCWMssOS::FLAGS=  -O2 -c -mcpu=v11.0 -mlittle-endian -mno-xl-soft-div -mno-xl-soft-mul -mxl-barrel-shift -mxl-multiply-high -mxl-pattern-
TRACE::2023-05-16.12:41:17::SCWMssOS::compare" "EXTRA_COMPILER_FLAGS=-g -ffunction-sections -fdata-sections -Wall -Wextra -fno-tree-loop-distribute-patterns"

TRACE::2023-05-16.12:41:17::SCWMssOS::"Running Make libs in microblaze_0/libsrc/standalone_v8_0/src"

TRACE::2023-05-16.12:41:17::SCWMssOS::make -C microblaze_0/libsrc/standalone_v8_0/src -s libs  "SHELL=CMD" "COMPILER=mb-gcc" "ASSEMBLER=mb-as" "ARCHIVER=mb-ar" "COMP
TRACE::2023-05-16.12:41:17::SCWMssOS::ILER_FLAGS=  -O2 -c -mcpu=v11.0 -mlittle-endian -mno-xl-soft-div -mno-xl-soft-mul -mxl-barrel-shift -mxl-multiply-high -mxl-pat
TRACE::2023-05-16.12:41:17::SCWMssOS::tern-compare" "EXTRA_COMPILER_FLAGS=-g -ffunction-sections -fdata-sections -Wall -Wextra -fno-tree-loop-distribute-patterns"

TRACE::2023-05-16.12:41:17::SCWMssOS::"Running Make libs in microblaze_0/libsrc/tmrctr_v4_9/src"

TRACE::2023-05-16.12:41:17::SCWMssOS::make -C microblaze_0/libsrc/tmrctr_v4_9/src -s libs  "SHELL=CMD" "COMPILER=mb-gcc" "ASSEMBLER=mb-as" "ARCHIVER=mb-ar" "COMPILER
TRACE::2023-05-16.12:41:17::SCWMssOS::_FLAGS=  -O2 -c -mcpu=v11.0 -mlittle-endian -mno-xl-soft-div -mno-xl-soft-mul -mxl-barrel-shift -mxl-multiply-high -mxl-pattern
TRACE::2023-05-16.12:41:17::SCWMssOS::-compare" "EXTRA_COMPILER_FLAGS=-g -ffunction-sections -fdata-sections -Wall -Wextra -fno-tree-loop-distribute-patterns"

TRACE::2023-05-16.12:41:17::SCWMssOS::"Running Make libs in microblaze_0/libsrc/uartlite_v3_7/src"

TRACE::2023-05-16.12:41:17::SCWMssOS::make -C microblaze_0/libsrc/uartlite_v3_7/src -s libs  "SHELL=CMD" "COMPILER=mb-gcc" "ASSEMBLER=mb-as" "ARCHIVER=mb-ar" "COMPIL
TRACE::2023-05-16.12:41:17::SCWMssOS::ER_FLAGS=  -O2 -c -mcpu=v11.0 -mlittle-endian -mno-xl-soft-div -mno-xl-soft-mul -mxl-barrel-shift -mxl-multiply-high -mxl-patte
TRACE::2023-05-16.12:41:17::SCWMssOS::rn-compare" "EXTRA_COMPILER_FLAGS=-g -ffunction-sections -fdata-sections -Wall -Wextra -fno-tree-loop-distribute-patterns"

TRACE::2023-05-16.12:41:19::SCWMssOS::"DEBUG NON_LTO_OBJECTS is ../../../lib/microblaze_interrupt_handler.o"

TRACE::2023-05-16.12:41:19::SCWMssOS::'Finished building libraries parallelly.'

TRACE::2023-05-16.12:41:19::SCWMssOS::make --no-print-directory archive

TRACE::2023-05-16.12:41:19::SCWMssOS::mb-ar -r  microblaze_0/lib/libxil.a microblaze_0/lib/_exit.o microblaze_0/lib/errno.o microblaze_0/lib/fcntl.o microblaze_0/lib
TRACE::2023-05-16.12:41:19::SCWMssOS::/hw_exception_handler.o microblaze_0/lib/inbyte.o microblaze_0/lib/microblaze_disable_dcache.o microblaze_0/lib/microblaze_disa
TRACE::2023-05-16.12:41:19::SCWMssOS::ble_exceptions.o microblaze_0/lib/microblaze_disable_icache.o microblaze_0/lib/microblaze_disable_interrupts.o microblaze_0/lib
TRACE::2023-05-16.12:41:19::SCWMssOS::/microblaze_enable_dcache.o microblaze_0/lib/microblaze_enable_exceptions.o microblaze_0/lib/microblaze_enable_icache.o microbl
TRACE::2023-05-16.12:41:19::SCWMssOS::aze_0/lib/microblaze_enable_interrupts.o microblaze_0/lib/microblaze_exception_handler.o microblaze_0/lib/microblaze_flush_cach
TRACE::2023-05-16.12:41:19::SCWMssOS::e_ext.o microblaze_0/lib/microblaze_flush_cache_ext_range.o microblaze_0/lib/microblaze_flush_dcache.o microblaze_0/lib/microbl
TRACE::2023-05-16.12:41:19::SCWMssOS::aze_flush_dcache_range.o microblaze_0/lib/microblaze_init_dcache_range.o microblaze_0/lib/microblaze_init_icache_range.o microb
TRACE::2023-05-16.12:41:19::SCWMssOS::laze_0/lib/microblaze_interrupt_handler.o microblaze_0/lib/microblaze_interrupts_g.o microblaze_0/lib/microblaze_invalidate_cac
TRACE::2023-05-16.12:41:19::SCWMssOS::he_ext.o microblaze_0/lib/microblaze_invalidate_cache_ext_range.o microblaze_0/lib/microblaze_invalidate_dcache.o microblaze_0/
TRACE::2023-05-16.12:41:19::SCWMssOS::lib/microblaze_invalidate_dcache_range.o microblaze_0/lib/microblaze_invalidate_icache.o microblaze_0/lib/microblaze_invalidate
TRACE::2023-05-16.12:41:19::SCWMssOS::_icache_range.o microblaze_0/lib/microblaze_scrub.o microblaze_0/lib/microblaze_selftest.o microblaze_0/lib/microblaze_sleep.o 
TRACE::2023-05-16.12:41:19::SCWMssOS::microblaze_0/lib/microblaze_update_dcache.o microblaze_0/lib/microblaze_update_icache.o microblaze_0/lib/outbyte.o microblaze_0
TRACE::2023-05-16.12:41:19::SCWMssOS::/lib/print.o microblaze_0/lib/pvr.o microblaze_0/lib/xbram.o microblaze_0/lib/xbram_g.o microblaze_0/lib/xbram_intr.o microblaz
TRACE::2023-05-16.12:41:19::SCWMssOS::e_0/lib/xbram_selftest.o microblaze_0/lib/xbram_sinit.o microblaze_0/lib/xgpio.o microblaze_0/lib/xgpio_extra.o microblaze_0/li
TRACE::2023-05-16.12:41:19::SCWMssOS::b/xgpio_g.o microblaze_0/lib/xgpio_intr.o microblaze_0/lib/xgpio_selftest.o microblaze_0/lib/xgpio_sinit.o microblaze_0/lib/xil
TRACE::2023-05-16.12:41:19::SCWMssOS::_assert.o microblaze_0/lib/xil_cache.o microblaze_0/lib/xil_clocking.o microblaze_0/lib/xil_exception.o microblaze_0/lib/xil_me
TRACE::2023-05-16.12:41:19::SCWMssOS::m.o microblaze_0/lib/xil_misc_psreset_api.o microblaze_0/lib/xil_printf.o microblaze_0/lib/xil_sleepcommon.o microblaze_0/lib/x
TRACE::2023-05-16.12:41:19::SCWMssOS::il_testcache.o microblaze_0/lib/xil_testio.o microblaze_0/lib/xil_testmem.o microblaze_0/lib/xil_util.o microblaze_0/lib/xintc.
TRACE::2023-05-16.12:41:19::SCWMssOS::o microblaze_0/lib/xintc_g.o microblaze_0/lib/xintc_intr.o microblaze_0/lib/xintc_l.o microblaze_0/lib/xintc_options.o microbla
TRACE::2023-05-16.12:41:19::SCWMssOS::ze_0/lib/xintc_selftest.o microblaze_0/lib/xinterrupt_wrap.o microblaze_0/lib/xio.o microblaze_0/lib/xplatform_info.o microblaz
TRACE::2023-05-16.12:41:19::SCWMssOS::e_0/lib/xtmrctr.o microblaze_0/lib/xtmrctr_g.o microblaze_0/lib/xtmrctr_intr.o microblaze_0/lib/xtmrctr_l.o microblaze_0/lib/xt
TRACE::2023-05-16.12:41:19::SCWMssOS::mrctr_options.o microblaze_0/lib/xtmrctr_selftest.o microblaze_0/lib/xtmrctr_sinit.o microblaze_0/lib/xtmrctr_stats.o microblaz
TRACE::2023-05-16.12:41:19::SCWMssOS::e_0/lib/xuartlite.o microblaze_0/lib/xuartlite_g.o microblaze_0/lib/xuartlite_intr.o microblaze_0/lib/xuartlite_l.o microblaze_
TRACE::2023-05-16.12:41:19::SCWMssOS::0/lib/xuartlite_selftest.o microblaze_0/lib/xuartlite_sinit.o microblaze_0/lib/xuartlite_stats.o

TRACE::2023-05-16.12:41:19::SCWMssOS::'Finished building libraries'

TRACE::2023-05-16.12:41:20::SCWMssOS::Copying to export directory.
TRACE::2023-05-16.12:41:20::SCWMssOS:: Checking if to create the Supporting Applications
TRACE::2023-05-16.12:41:20::SCWMssOS:: No Linux domain exists, trying to generate FSBL 
LOG::2023-05-16.12:41:20::SCWSystem::Completed Processing the domain standalone_domain
LOG::2023-05-16.12:41:20::SCWSystem::Completed Processing the sysconfig mb_platform
LOG::2023-05-16.12:41:20::SCWPlatform::Completed generating the artifacts for system configuration mb_platform
TRACE::2023-05-16.12:41:20::SCWPlatform::Started preparing the platform 
TRACE::2023-05-16.12:41:20::SCWSystem::Writing the bif file for system config mb_platform
TRACE::2023-05-16.12:41:20::SCWSystem::dir created 
TRACE::2023-05-16.12:41:20::SCWSystem::Writing the bif 
TRACE::2023-05-16.12:41:20::SCWPlatform::Started writing the spfm file 
TRACE::2023-05-16.12:41:20::SCWPlatform::Started writing the xpfm file 
TRACE::2023-05-16.12:41:20::SCWPlatform::Completed generating the platform
TRACE::2023-05-16.12:41:20::SCWMssOS::Saving the mss changes E:/Egyetem/fpga_alapu_rendszerek/mb_system2/vitis/mb_platform/microblaze_0/standalone_domain/bsp/system.mss
TRACE::2023-05-16.12:41:20::SCWMssOS::Found a swdesign opened with the mssfile.
TRACE::2023-05-16.12:41:20::SCWMssOS::Completed writemss as part of save.
TRACE::2023-05-16.12:41:20::SCWMssOS::Commit changes completed.
TRACE::2023-05-16.12:41:20::SCWPlatform::Trying to open the hw design at E:/Egyetem/fpga_alapu_rendszerek/mb_system2/vitis/mb_platform/hw/cpu_system_wrapper.xsa
TRACE::2023-05-16.12:41:20::SCWPlatform::DSA given E:/Egyetem/fpga_alapu_rendszerek/mb_system2/vitis/mb_platform/hw/cpu_system_wrapper.xsa
TRACE::2023-05-16.12:41:20::SCWPlatform::DSA absoulate path E:/Egyetem/fpga_alapu_rendszerek/mb_system2/vitis/mb_platform/hw/cpu_system_wrapper.xsa
TRACE::2023-05-16.12:41:20::SCWPlatform::DSA directory E:/Egyetem/fpga_alapu_rendszerek/mb_system2/vitis/mb_platform/hw
TRACE::2023-05-16.12:41:20::SCWPlatform:: Platform Path E:/Egyetem/fpga_alapu_rendszerek/mb_system2/vitis/mb_platform/hw/cpu_system_wrapper.xsa
TRACE::2023-05-16.12:41:20::SCWPlatform:: Unique name xilinx:::0.0
TRACE::2023-05-16.12:41:20::SCWPlatform::Trying to set the existing hwdb with name cpu_system_wrapper_1
TRACE::2023-05-16.12:41:20::SCWPlatform::Opened existing hwdb cpu_system_wrapper_1
TRACE::2023-05-16.12:41:20::SCWPlatform::Found the Hw Db part of the input DSA
TRACE::2023-05-16.12:41:20::SCWMssOS::Checking the sw design at  E:/Egyetem/fpga_alapu_rendszerek/mb_system2/vitis/mb_platform/microblaze_0/standalone_domain/bsp/system.mss
TRACE::2023-05-16.12:41:20::SCWMssOS::DEBUG:  swdes dump  E:/Egyetem/fpga_alapu_rendszerek/mb_system2/vitis/mb_platform/microblaze_0/standalone_domain/bsp/system.mss|system||

TRACE::2023-05-16.12:41:20::SCWMssOS::Sw design exists and opened at  E:/Egyetem/fpga_alapu_rendszerek/mb_system2/vitis/mb_platform/microblaze_0/standalone_domain/bsp/system.mss
TRACE::2023-05-16.12:41:20::SCWWriter::formatted JSON is {
	"platformName":	"mb_platform",
	"sprVersion":	"2.0",
	"mode":	"gui",
	"dsaType":	"Fixed",
	"platformDesc":	"mb_platform",
	"platHandOff":	"E:/Egyetem/fpga_alapu_rendszerek/mb_system2/cpu_system_wrapper.xsa",
	"platIntHandOff":	"<platformDir>/hw/cpu_system_wrapper.xsa",
	"deviceType":	"FPGA",
	"platIsPrebuiltAutogen":	"false",
	"platIsNoBootBsp":	"false",
	"hasFsblMakeHasChanges":	"false",
	"hasPmufwMakeHasChanges":	"false",
	"platPreBuiltFlag":	false,
	"platformSamplesDir":	"",
	"platActiveSys":	"mb_platform",
	"systems":	[{
			"systemName":	"mb_platform",
			"systemDesc":	"mb_platform",
			"sysIsBootAutoGen":	"true",
			"systemDispName":	"mb_platform",
			"sysActiveDom":	"standalone_domain",
			"sysDefaultDom":	"standalone_domain",
			"domains":	[{
					"domainName":	"standalone_domain",
					"domainDispName":	"standalone on microblaze_0",
					"domainDesc":	"standalone_domain",
					"processors":	"microblaze_0",
					"os":	"standalone",
					"sdxOs":	"standalone",
					"debugEnable":	"False",
					"domRuntimes":	["cpp"],
					"swRepo":	"",
					"mssOsVer":	"8.0",
					"mssFile":	"",
					"md5Digest":	"757ccdaf4259232215a82fb0fa7db419",
					"compatibleApp":	"",
					"domType":	"mssDomain",
					"arch":	"32-bit",
					"appSettings":	{
						"appCompilerFlags":	"",
						"appLinkerFlags":	""
					},
					"addedLibs":	[],
					"libOptions":	{
						"libsContainingOptions":	[]
					},
					"prebuiltLibs":	{
						"prebuiltIncPath":	[],
						"prebuiltLibPath":	[]
					},
					"isolation":	{
					}
				}]
		}]
}
KEYINFO::2023-05-16.12:41:20::SCWPlatform::updated the xpfm file.
TRACE::2023-05-16.12:41:20::SCWPlatform::Trying to open the hw design at E:/Egyetem/fpga_alapu_rendszerek/mb_system2/vitis/mb_platform/hw/cpu_system_wrapper.xsa
TRACE::2023-05-16.12:41:20::SCWPlatform::DSA given E:/Egyetem/fpga_alapu_rendszerek/mb_system2/vitis/mb_platform/hw/cpu_system_wrapper.xsa
TRACE::2023-05-16.12:41:20::SCWPlatform::DSA absoulate path E:/Egyetem/fpga_alapu_rendszerek/mb_system2/vitis/mb_platform/hw/cpu_system_wrapper.xsa
TRACE::2023-05-16.12:41:20::SCWPlatform::DSA directory E:/Egyetem/fpga_alapu_rendszerek/mb_system2/vitis/mb_platform/hw
TRACE::2023-05-16.12:41:20::SCWPlatform:: Platform Path E:/Egyetem/fpga_alapu_rendszerek/mb_system2/vitis/mb_platform/hw/cpu_system_wrapper.xsa
TRACE::2023-05-16.12:41:20::SCWPlatform:: Unique name xilinx:::0.0
TRACE::2023-05-16.12:41:20::SCWPlatform::Trying to set the existing hwdb with name cpu_system_wrapper_1
TRACE::2023-05-16.12:41:20::SCWPlatform::Opened existing hwdb cpu_system_wrapper_1
TRACE::2023-05-16.12:41:20::SCWPlatform::Found the Hw Db part of the input DSA
TRACE::2023-05-16.12:41:20::SCWMssOS::Checking the sw design at  E:/Egyetem/fpga_alapu_rendszerek/mb_system2/vitis/mb_platform/microblaze_0/standalone_domain/bsp/system.mss
TRACE::2023-05-16.12:41:20::SCWMssOS::DEBUG:  swdes dump  E:/Egyetem/fpga_alapu_rendszerek/mb_system2/vitis/mb_platform/microblaze_0/standalone_domain/bsp/system.mss|system||

TRACE::2023-05-16.12:41:20::SCWMssOS::Sw design exists and opened at  E:/Egyetem/fpga_alapu_rendszerek/mb_system2/vitis/mb_platform/microblaze_0/standalone_domain/bsp/system.mss
